{"/Users/ph/Documents/ph/sleep-cycle-zenith-planner/src/App.tsx": {"path":"/Users/ph/Documents/ph/sleep-cycle-zenith-planner/src/App.tsx","statementMap":{"0":{"start":{"line":30,"column":0},"end":{"line":30,"column":null}},"1":{"start":{"line":32,"column":20},"end":{"line":32,"column":null}},"2":{"start":{"line":34,"column":12},"end":{"line":55,"column":null}}},"fnMap":{"0":{"name":"(anonymous_0)","decl":{"start":{"line":34,"column":12},"end":{"line":34,"column":null}},"loc":{"start":{"line":34,"column":12},"end":{"line":55,"column":null}},"line":34}},"branchMap":{},"s":{"0":0,"1":0,"2":0},"f":{"0":0},"b":{},"meta":{"lastBranch":0,"lastFunction":1,"lastStatement":3,"seen":{"s:30:0:30:Infinity":0,"s:32:20:32:Infinity":1,"s:34:12:55:Infinity":2,"f:34:12:34:Infinity":0}}}
,"/Users/ph/Documents/ph/sleep-cycle-zenith-planner/src/components/PWAOnboarding.tsx": {"path":"/Users/ph/Documents/ph/sleep-cycle-zenith-planner/src/components/PWAOnboarding.tsx","statementMap":{"0":{"start":{"line":3,"column":20},"end":{"line":15,"column":null}},"1":{"start":{"line":4,"column":13},"end":{"line":4,"column":39}},"2":{"start":{"line":7,"column":4},"end":{"line":9,"column":null}},"3":{"start":{"line":10,"column":2},"end":{"line":10,"column":null}},"4":{"start":{"line":10,"column":27},"end":{"line":10,"column":null}},"5":{"start":{"line":11,"column":2},"end":{"line":11,"column":null}},"6":{"start":{"line":11,"column":13},"end":{"line":11,"column":null}},"7":{"start":{"line":13,"column":2},"end":{"line":13,"column":null}},"8":{"start":{"line":13,"column":42},"end":{"line":13,"column":null}},"9":{"start":{"line":14,"column":2},"end":{"line":14,"column":null}},"10":{"start":{"line":17,"column":27},"end":{"line":20,"column":null}},"11":{"start":{"line":18,"column":2},"end":{"line":20,"column":null}},"12":{"start":{"line":22,"column":25},"end":{"line":22,"column":null}},"13":{"start":{"line":24,"column":32},"end":{"line":174,"column":null}},"14":{"start":{"line":25,"column":23},"end":{"line":25,"column":null}},"15":{"start":{"line":26,"column":31},"end":{"line":28,"column":null}},"16":{"start":{"line":30,"column":2},"end":{"line":36,"column":null}},"17":{"start":{"line":31,"column":17},"end":{"line":31,"column":null}},"18":{"start":{"line":32,"column":4},"end":{"line":35,"column":null}},"19":{"start":{"line":33,"column":6},"end":{"line":33,"column":null}},"20":{"start":{"line":34,"column":6},"end":{"line":34,"column":null}},"21":{"start":{"line":38,"column":22},"end":{"line":38,"column":null}},"22":{"start":{"line":38,"column":28},"end":{"line":38,"column":null}},"23":{"start":{"line":39,"column":26},"end":{"line":42,"column":null}},"24":{"start":{"line":40,"column":4},"end":{"line":40,"column":null}},"25":{"start":{"line":41,"column":4},"end":{"line":41,"column":null}},"26":{"start":{"line":44,"column":2},"end":{"line":44,"column":null}},"27":{"start":{"line":44,"column":13},"end":{"line":44,"column":null}},"28":{"start":{"line":46,"column":2},"end":{"line":167,"column":null}}},"fnMap":{"0":{"name":"(anonymous_0)","decl":{"start":{"line":3,"column":20},"end":{"line":3,"column":null}},"loc":{"start":{"line":3,"column":20},"end":{"line":15,"column":null}},"line":3},"1":{"name":"(anonymous_1)","decl":{"start":{"line":17,"column":27},"end":{"line":17,"column":null}},"loc":{"start":{"line":18,"column":2},"end":{"line":20,"column":null}},"line":18},"2":{"name":"(anonymous_2)","decl":{"start":{"line":24,"column":32},"end":{"line":24,"column":null}},"loc":{"start":{"line":24,"column":32},"end":{"line":174,"column":null}},"line":24},"3":{"name":"(anonymous_3)","decl":{"start":{"line":30,"column":12},"end":{"line":30,"column":null}},"loc":{"start":{"line":30,"column":12},"end":{"line":36,"column":5}},"line":30},"4":{"name":"(anonymous_4)","decl":{"start":{"line":38,"column":22},"end":{"line":38,"column":28}},"loc":{"start":{"line":38,"column":28},"end":{"line":38,"column":null}},"line":38},"5":{"name":"(anonymous_5)","decl":{"start":{"line":39,"column":26},"end":{"line":39,"column":null}},"loc":{"start":{"line":39,"column":26},"end":{"line":42,"column":null}},"line":39}},"branchMap":{"0":{"loc":{"start":{"line":7,"column":4},"end":{"line":9,"column":null}},"type":"binary-expr","locations":[{"start":{"line":7,"column":4},"end":{"line":7,"column":null}},{"start":{"line":8,"column":4},"end":{"line":8,"column":null}},{"start":{"line":9,"column":4},"end":{"line":9,"column":null}}],"line":7},"1":{"loc":{"start":{"line":10,"column":2},"end":{"line":10,"column":null}},"type":"if","locations":[{"start":{"line":10,"column":2},"end":{"line":10,"column":null}},{"start":{},"end":{}}],"line":10},"2":{"loc":{"start":{"line":11,"column":2},"end":{"line":11,"column":null}},"type":"if","locations":[{"start":{"line":11,"column":2},"end":{"line":11,"column":null}},{"start":{},"end":{}}],"line":11},"3":{"loc":{"start":{"line":13,"column":2},"end":{"line":13,"column":null}},"type":"if","locations":[{"start":{"line":13,"column":2},"end":{"line":13,"column":null}},{"start":{},"end":{}}],"line":13},"4":{"loc":{"start":{"line":18,"column":2},"end":{"line":20,"column":null}},"type":"binary-expr","locations":[{"start":{"line":18,"column":2},"end":{"line":18,"column":57}},{"start":{"line":20,"column":2},"end":{"line":20,"column":null}}],"line":18},"5":{"loc":{"start":{"line":32,"column":4},"end":{"line":35,"column":null}},"type":"if","locations":[{"start":{"line":32,"column":4},"end":{"line":35,"column":null}},{"start":{},"end":{}}],"line":32},"6":{"loc":{"start":{"line":32,"column":8},"end":{"line":32,"column":40}},"type":"binary-expr","locations":[{"start":{"line":32,"column":8},"end":{"line":32,"column":17}},{"start":{"line":32,"column":17},"end":{"line":32,"column":40}}],"line":32},"7":{"loc":{"start":{"line":44,"column":2},"end":{"line":44,"column":null}},"type":"if","locations":[{"start":{"line":44,"column":2},"end":{"line":44,"column":null}},{"start":{},"end":{}}],"line":44},"8":{"loc":{"start":{"line":59,"column":9},"end":{"line":83,"column":null}},"type":"binary-expr","locations":[{"start":{"line":59,"column":9},"end":{"line":59,"column":null}},{"start":{"line":59,"column":22},"end":{"line":83,"column":null}}],"line":59},"9":{"loc":{"start":{"line":88,"column":9},"end":{"line":111,"column":null}},"type":"binary-expr","locations":[{"start":{"line":88,"column":9},"end":{"line":88,"column":null}},{"start":{"line":88,"column":22},"end":{"line":111,"column":null}}],"line":88},"10":{"loc":{"start":{"line":116,"column":9},"end":{"line":140,"column":null}},"type":"binary-expr","locations":[{"start":{"line":116,"column":9},"end":{"line":116,"column":null}},{"start":{"line":116,"column":22},"end":{"line":140,"column":null}}],"line":116},"11":{"loc":{"start":{"line":146,"column":9},"end":{"line":152,"column":null}},"type":"binary-expr","locations":[{"start":{"line":146,"column":9},"end":{"line":146,"column":null}},{"start":{"line":146,"column":22},"end":{"line":152,"column":null}}],"line":146}},"s":{"0":0,"1":0,"2":0,"3":0,"4":0,"5":0,"6":0,"7":0,"8":0,"9":0,"10":0,"11":0,"12":0,"13":0,"14":0,"15":0,"16":0,"17":0,"18":0,"19":0,"20":0,"21":0,"22":0,"23":0,"24":0,"25":0,"26":0,"27":0,"28":0},"f":{"0":0,"1":0,"2":0,"3":0,"4":0,"5":0},"b":{"0":[0,0,0],"1":[0,0],"2":[0,0],"3":[0,0],"4":[0,0],"5":[0,0],"6":[0,0],"7":[0,0],"8":[0,0],"9":[0,0],"10":[0,0],"11":[0,0]},"meta":{"lastBranch":12,"lastFunction":6,"lastStatement":29,"seen":{"s:3:20:15:Infinity":0,"f:3:20:3:Infinity":0,"s:4:13:4:39":1,"s:7:4:9:Infinity":2,"b:7:4:7:Infinity:8:4:8:Infinity:9:4:9:Infinity":0,"b:10:2:10:Infinity:undefined:undefined:undefined:undefined":1,"s:10:2:10:Infinity":3,"s:10:27:10:Infinity":4,"b:11:2:11:Infinity:undefined:undefined:undefined:undefined":2,"s:11:2:11:Infinity":5,"s:11:13:11:Infinity":6,"b:13:2:13:Infinity:undefined:undefined:undefined:undefined":3,"s:13:2:13:Infinity":7,"s:13:42:13:Infinity":8,"s:14:2:14:Infinity":9,"s:17:27:20:Infinity":10,"f:17:27:17:Infinity":1,"s:18:2:20:Infinity":11,"b:18:2:18:57:20:2:20:Infinity":4,"s:22:25:22:Infinity":12,"s:24:32:174:Infinity":13,"f:24:32:24:Infinity":2,"s:25:23:25:Infinity":14,"s:26:31:28:Infinity":15,"s:30:2:36:Infinity":16,"f:30:12:30:Infinity":3,"s:31:17:31:Infinity":17,"b:32:4:35:Infinity:undefined:undefined:undefined:undefined":5,"s:32:4:35:Infinity":18,"b:32:8:32:17:32:17:32:40":6,"s:33:6:33:Infinity":19,"s:34:6:34:Infinity":20,"s:38:22:38:Infinity":21,"f:38:22:38:28":4,"s:38:28:38:Infinity":22,"s:39:26:42:Infinity":23,"f:39:26:39:Infinity":5,"s:40:4:40:Infinity":24,"s:41:4:41:Infinity":25,"b:44:2:44:Infinity:undefined:undefined:undefined:undefined":7,"s:44:2:44:Infinity":26,"s:44:13:44:Infinity":27,"s:46:2:167:Infinity":28,"b:59:9:59:Infinity:59:22:83:Infinity":8,"b:88:9:88:Infinity:88:22:111:Infinity":9,"b:116:9:116:Infinity:116:22:140:Infinity":10,"b:146:9:146:Infinity:146:22:152:Infinity":11}}}
,"/Users/ph/Documents/ph/sleep-cycle-zenith-planner/src/components/layout/Navbar.tsx": {"path":"/Users/ph/Documents/ph/sleep-cycle-zenith-planner/src/components/layout/Navbar.tsx","statementMap":{"0":{"start":{"line":9,"column":32},"end":{"line":61,"column":null}},"1":{"start":{"line":10,"column":30},"end":{"line":10,"column":null}},"2":{"start":{"line":11,"column":8},"end":{"line":11,"column":null}},"3":{"start":{"line":12,"column":13},"end":{"line":12,"column":null}},"4":{"start":{"line":14,"column":19},"end":{"line":20,"column":null}},"5":{"start":{"line":22,"column":2},"end":{"line":55,"column":null}},"6":{"start":{"line":33,"column":24},"end":{"line":35,"column":null}}},"fnMap":{"0":{"name":"(anonymous_0)","decl":{"start":{"line":9,"column":32},"end":{"line":9,"column":null}},"loc":{"start":{"line":9,"column":32},"end":{"line":61,"column":null}},"line":9},"1":{"name":"(anonymous_1)","decl":{"start":{"line":33,"column":24},"end":{"line":33,"column":null}},"loc":{"start":{"line":33,"column":24},"end":{"line":35,"column":null}},"line":33}},"branchMap":{"0":{"loc":{"start":{"line":39,"column":16},"end":{"line":41,"column":null}},"type":"cond-expr","locations":[{"start":{"line":40,"column":20},"end":{"line":40,"column":null}},{"start":{"line":41,"column":20},"end":{"line":41,"column":null}}],"line":39},"1":{"loc":{"start":{"line":55,"column":13},"end":{"line":55,"column":null}},"type":"cond-expr","locations":[{"start":{"line":55,"column":23},"end":{"line":55,"column":83}},{"start":{"line":55,"column":82},"end":{"line":55,"column":null}}],"line":55}},"s":{"0":0,"1":0,"2":0,"3":0,"4":0,"5":0,"6":0},"f":{"0":0,"1":0},"b":{"0":[0,0],"1":[0,0]},"meta":{"lastBranch":2,"lastFunction":2,"lastStatement":7,"seen":{"s:9:32:61:Infinity":0,"f:9:32:9:Infinity":0,"s:10:30:10:Infinity":1,"s:11:8:11:Infinity":2,"s:12:13:12:Infinity":3,"s:14:19:20:Infinity":4,"s:22:2:55:Infinity":5,"f:33:24:33:Infinity":1,"s:33:24:35:Infinity":6,"b:40:20:40:Infinity:41:20:41:Infinity":0,"b:55:23:55:83:55:82:55:Infinity":1}}}
,"/Users/ph/Documents/ph/sleep-cycle-zenith-planner/src/components/ui/accordion.tsx": {"path":"/Users/ph/Documents/ph/sleep-cycle-zenith-planner/src/components/ui/accordion.tsx","statementMap":{"0":{"start":{"line":7,"column":18},"end":{"line":7,"column":41}},"1":{"start":{"line":9,"column":22},"end":{"line":16,"column":null}},"2":{"start":{"line":12,"column":28},"end":{"line":16,"column":null}},"3":{"start":{"line":19,"column":0},"end":{"line":19,"column":null}},"4":{"start":{"line":21,"column":25},"end":{"line":35,"column":null}},"5":{"start":{"line":24,"column":38},"end":{"line":35,"column":null}},"6":{"start":{"line":39,"column":0},"end":{"line":39,"column":null}},"7":{"start":{"line":41,"column":25},"end":{"line":50,"column":null}},"8":{"start":{"line":44,"column":38},"end":{"line":50,"column":null}},"9":{"start":{"line":54,"column":0},"end":{"line":54,"column":null}}},"fnMap":{"0":{"name":"(anonymous_0)","decl":{"start":{"line":12,"column":2},"end":{"line":12,"column":3}},"loc":{"start":{"line":12,"column":28},"end":{"line":16,"column":null}},"line":12},"1":{"name":"(anonymous_1)","decl":{"start":{"line":24,"column":2},"end":{"line":24,"column":3}},"loc":{"start":{"line":24,"column":38},"end":{"line":35,"column":null}},"line":24},"2":{"name":"(anonymous_2)","decl":{"start":{"line":44,"column":2},"end":{"line":44,"column":3}},"loc":{"start":{"line":44,"column":38},"end":{"line":50,"column":null}},"line":44}},"branchMap":{},"s":{"0":0,"1":0,"2":0,"3":0,"4":0,"5":0,"6":0,"7":0,"8":0,"9":0},"f":{"0":0,"1":0,"2":0},"b":{},"meta":{"lastBranch":0,"lastFunction":3,"lastStatement":10,"seen":{"s:7:18:7:41":0,"s:9:22:16:Infinity":1,"f:12:2:12:3":0,"s:12:28:16:Infinity":2,"s:19:0:19:Infinity":3,"s:21:25:35:Infinity":4,"f:24:2:24:3":1,"s:24:38:35:Infinity":5,"s:39:0:39:Infinity":6,"s:41:25:50:Infinity":7,"f:44:2:44:3":2,"s:44:38:50:Infinity":8,"s:54:0:54:Infinity":9}}}
,"/Users/ph/Documents/ph/sleep-cycle-zenith-planner/src/components/ui/alert-dialog.tsx": {"path":"/Users/ph/Documents/ph/sleep-cycle-zenith-planner/src/components/ui/alert-dialog.tsx","statementMap":{"0":{"start":{"line":7,"column":20},"end":{"line":7,"column":45}},"1":{"start":{"line":9,"column":27},"end":{"line":9,"column":55}},"2":{"start":{"line":11,"column":26},"end":{"line":11,"column":53}},"3":{"start":{"line":13,"column":27},"end":{"line":23,"column":null}},"4":{"start":{"line":16,"column":28},"end":{"line":23,"column":null}},"5":{"start":{"line":26,"column":0},"end":{"line":26,"column":null}},"6":{"start":{"line":28,"column":27},"end":{"line":40,"column":null}},"7":{"start":{"line":31,"column":28},"end":{"line":40,"column":null}},"8":{"start":{"line":44,"column":0},"end":{"line":44,"column":null}},"9":{"start":{"line":46,"column":26},"end":{"line":55,"column":null}},"10":{"start":{"line":49,"column":39},"end":{"line":55,"column":null}},"11":{"start":{"line":58,"column":0},"end":{"line":58,"column":null}},"12":{"start":{"line":60,"column":26},"end":{"line":69,"column":null}},"13":{"start":{"line":63,"column":39},"end":{"line":69,"column":null}},"14":{"start":{"line":72,"column":0},"end":{"line":72,"column":null}},"15":{"start":{"line":74,"column":25},"end":{"line":81,"column":null}},"16":{"start":{"line":77,"column":28},"end":{"line":81,"column":null}},"17":{"start":{"line":84,"column":0},"end":{"line":84,"column":null}},"18":{"start":{"line":86,"column":31},"end":{"line":93,"column":null}},"19":{"start":{"line":89,"column":28},"end":{"line":93,"column":null}},"20":{"start":{"line":96,"column":0},"end":{"line":97,"column":null}},"21":{"start":{"line":99,"column":26},"end":{"line":106,"column":null}},"22":{"start":{"line":102,"column":28},"end":{"line":106,"column":null}},"23":{"start":{"line":109,"column":0},"end":{"line":109,"column":null}},"24":{"start":{"line":111,"column":26},"end":{"line":122,"column":null}},"25":{"start":{"line":114,"column":28},"end":{"line":122,"column":null}},"26":{"start":{"line":125,"column":0},"end":{"line":125,"column":null}}},"fnMap":{"0":{"name":"(anonymous_0)","decl":{"start":{"line":16,"column":2},"end":{"line":16,"column":3}},"loc":{"start":{"line":16,"column":28},"end":{"line":23,"column":null}},"line":16},"1":{"name":"(anonymous_1)","decl":{"start":{"line":31,"column":2},"end":{"line":31,"column":3}},"loc":{"start":{"line":31,"column":28},"end":{"line":40,"column":null}},"line":31},"2":{"name":"(anonymous_2)","decl":{"start":{"line":46,"column":26},"end":{"line":46,"column":27}},"loc":{"start":{"line":49,"column":39},"end":{"line":55,"column":null}},"line":49},"3":{"name":"(anonymous_3)","decl":{"start":{"line":60,"column":26},"end":{"line":60,"column":27}},"loc":{"start":{"line":63,"column":39},"end":{"line":69,"column":null}},"line":63},"4":{"name":"(anonymous_4)","decl":{"start":{"line":77,"column":2},"end":{"line":77,"column":3}},"loc":{"start":{"line":77,"column":28},"end":{"line":81,"column":null}},"line":77},"5":{"name":"(anonymous_5)","decl":{"start":{"line":89,"column":2},"end":{"line":89,"column":3}},"loc":{"start":{"line":89,"column":28},"end":{"line":93,"column":null}},"line":89},"6":{"name":"(anonymous_6)","decl":{"start":{"line":102,"column":2},"end":{"line":102,"column":3}},"loc":{"start":{"line":102,"column":28},"end":{"line":106,"column":null}},"line":102},"7":{"name":"(anonymous_7)","decl":{"start":{"line":114,"column":2},"end":{"line":114,"column":3}},"loc":{"start":{"line":114,"column":28},"end":{"line":122,"column":null}},"line":114}},"branchMap":{},"s":{"0":0,"1":0,"2":0,"3":0,"4":0,"5":0,"6":0,"7":0,"8":0,"9":0,"10":0,"11":0,"12":0,"13":0,"14":0,"15":0,"16":0,"17":0,"18":0,"19":0,"20":0,"21":0,"22":0,"23":0,"24":0,"25":0,"26":0},"f":{"0":0,"1":0,"2":0,"3":0,"4":0,"5":0,"6":0,"7":0},"b":{},"meta":{"lastBranch":0,"lastFunction":8,"lastStatement":27,"seen":{"s:7:20:7:45":0,"s:9:27:9:55":1,"s:11:26:11:53":2,"s:13:27:23:Infinity":3,"f:16:2:16:3":0,"s:16:28:23:Infinity":4,"s:26:0:26:Infinity":5,"s:28:27:40:Infinity":6,"f:31:2:31:3":1,"s:31:28:40:Infinity":7,"s:44:0:44:Infinity":8,"s:46:26:55:Infinity":9,"f:46:26:46:27":2,"s:49:39:55:Infinity":10,"s:58:0:58:Infinity":11,"s:60:26:69:Infinity":12,"f:60:26:60:27":3,"s:63:39:69:Infinity":13,"s:72:0:72:Infinity":14,"s:74:25:81:Infinity":15,"f:77:2:77:3":4,"s:77:28:81:Infinity":16,"s:84:0:84:Infinity":17,"s:86:31:93:Infinity":18,"f:89:2:89:3":5,"s:89:28:93:Infinity":19,"s:96:0:97:Infinity":20,"s:99:26:106:Infinity":21,"f:102:2:102:3":6,"s:102:28:106:Infinity":22,"s:109:0:109:Infinity":23,"s:111:26:122:Infinity":24,"f:114:2:114:3":7,"s:114:28:122:Infinity":25,"s:125:0:125:Infinity":26}}}
,"/Users/ph/Documents/ph/sleep-cycle-zenith-planner/src/components/ui/alert.tsx": {"path":"/Users/ph/Documents/ph/sleep-cycle-zenith-planner/src/components/ui/alert.tsx","statementMap":{"0":{"start":{"line":6,"column":6},"end":{"line":19,"column":null}},"1":{"start":{"line":22,"column":14},"end":{"line":30,"column":null}},"2":{"start":{"line":25,"column":37},"end":{"line":30,"column":null}},"3":{"start":{"line":33,"column":0},"end":{"line":33,"column":null}},"4":{"start":{"line":35,"column":19},"end":{"line":42,"column":null}},"5":{"start":{"line":38,"column":28},"end":{"line":42,"column":null}},"6":{"start":{"line":45,"column":0},"end":{"line":45,"column":null}},"7":{"start":{"line":47,"column":25},"end":{"line":54,"column":null}},"8":{"start":{"line":50,"column":28},"end":{"line":54,"column":null}},"9":{"start":{"line":57,"column":0},"end":{"line":57,"column":null}}},"fnMap":{"0":{"name":"(anonymous_0)","decl":{"start":{"line":25,"column":2},"end":{"line":25,"column":3}},"loc":{"start":{"line":25,"column":37},"end":{"line":30,"column":null}},"line":25},"1":{"name":"(anonymous_1)","decl":{"start":{"line":38,"column":2},"end":{"line":38,"column":3}},"loc":{"start":{"line":38,"column":28},"end":{"line":42,"column":null}},"line":38},"2":{"name":"(anonymous_2)","decl":{"start":{"line":50,"column":2},"end":{"line":50,"column":3}},"loc":{"start":{"line":50,"column":28},"end":{"line":54,"column":null}},"line":50}},"branchMap":{},"s":{"0":0,"1":0,"2":0,"3":0,"4":0,"5":0,"6":0,"7":0,"8":0,"9":0},"f":{"0":0,"1":0,"2":0},"b":{},"meta":{"lastBranch":0,"lastFunction":3,"lastStatement":10,"seen":{"s:6:6:19:Infinity":0,"s:22:14:30:Infinity":1,"f:25:2:25:3":0,"s:25:37:30:Infinity":2,"s:33:0:33:Infinity":3,"s:35:19:42:Infinity":4,"f:38:2:38:3":1,"s:38:28:42:Infinity":5,"s:45:0:45:Infinity":6,"s:47:25:54:Infinity":7,"f:50:2:50:3":2,"s:50:28:54:Infinity":8,"s:57:0:57:Infinity":9}}}
,"/Users/ph/Documents/ph/sleep-cycle-zenith-planner/src/components/ui/aspect-ratio.tsx": {"path":"/Users/ph/Documents/ph/sleep-cycle-zenith-planner/src/components/ui/aspect-ratio.tsx","statementMap":{"0":{"start":{"line":3,"column":20},"end":{"line":3,"column":45}}},"fnMap":{},"branchMap":{},"s":{"0":0},"f":{},"b":{},"meta":{"lastBranch":0,"lastFunction":0,"lastStatement":1,"seen":{"s:3:20:3:45":0}}}
,"/Users/ph/Documents/ph/sleep-cycle-zenith-planner/src/components/ui/avatar.tsx": {"path":"/Users/ph/Documents/ph/sleep-cycle-zenith-planner/src/components/ui/avatar.tsx","statementMap":{"0":{"start":{"line":6,"column":15},"end":{"line":16,"column":null}},"1":{"start":{"line":9,"column":28},"end":{"line":16,"column":null}},"2":{"start":{"line":19,"column":0},"end":{"line":19,"column":null}},"3":{"start":{"line":21,"column":20},"end":{"line":28,"column":null}},"4":{"start":{"line":24,"column":28},"end":{"line":28,"column":null}},"5":{"start":{"line":31,"column":0},"end":{"line":31,"column":null}},"6":{"start":{"line":33,"column":23},"end":{"line":43,"column":null}},"7":{"start":{"line":36,"column":28},"end":{"line":43,"column":null}},"8":{"start":{"line":46,"column":0},"end":{"line":46,"column":null}}},"fnMap":{"0":{"name":"(anonymous_0)","decl":{"start":{"line":9,"column":2},"end":{"line":9,"column":3}},"loc":{"start":{"line":9,"column":28},"end":{"line":16,"column":null}},"line":9},"1":{"name":"(anonymous_1)","decl":{"start":{"line":24,"column":2},"end":{"line":24,"column":3}},"loc":{"start":{"line":24,"column":28},"end":{"line":28,"column":null}},"line":24},"2":{"name":"(anonymous_2)","decl":{"start":{"line":36,"column":2},"end":{"line":36,"column":3}},"loc":{"start":{"line":36,"column":28},"end":{"line":43,"column":null}},"line":36}},"branchMap":{},"s":{"0":0,"1":0,"2":0,"3":0,"4":0,"5":0,"6":0,"7":0,"8":0},"f":{"0":0,"1":0,"2":0},"b":{},"meta":{"lastBranch":0,"lastFunction":3,"lastStatement":9,"seen":{"s:6:15:16:Infinity":0,"f:9:2:9:3":0,"s:9:28:16:Infinity":1,"s:19:0:19:Infinity":2,"s:21:20:28:Infinity":3,"f:24:2:24:3":1,"s:24:28:28:Infinity":4,"s:31:0:31:Infinity":5,"s:33:23:43:Infinity":6,"f:36:2:36:3":2,"s:36:28:43:Infinity":7,"s:46:0:46:Infinity":8}}}
,"/Users/ph/Documents/ph/sleep-cycle-zenith-planner/src/components/ui/badge.tsx": {"path":"/Users/ph/Documents/ph/sleep-cycle-zenith-planner/src/components/ui/badge.tsx","statementMap":{"0":{"start":{"line":6,"column":6},"end":{"line":21,"column":null}},"1":{"start":{"line":29,"column":2},"end":{"line":30,"column":null}}},"fnMap":{"0":{"name":"Badge","decl":{"start":{"line":28,"column":9},"end":{"line":28,"column":15}},"loc":{"start":{"line":28,"column":59},"end":{"line":32,"column":null}},"line":28}},"branchMap":{},"s":{"0":0,"1":0},"f":{"0":0},"b":{},"meta":{"lastBranch":0,"lastFunction":1,"lastStatement":2,"seen":{"s:6:6:21:Infinity":0,"f:28:9:28:15":0,"s:29:2:30:Infinity":1}}}
,"/Users/ph/Documents/ph/sleep-cycle-zenith-planner/src/components/ui/breadcrumb.tsx": {"path":"/Users/ph/Documents/ph/sleep-cycle-zenith-planner/src/components/ui/breadcrumb.tsx","statementMap":{"0":{"start":{"line":7,"column":19},"end":{"line":12,"column":null}},"1":{"start":{"line":12,"column":17},"end":{"line":12,"column":null}},"2":{"start":{"line":13,"column":0},"end":{"line":13,"column":null}},"3":{"start":{"line":15,"column":23},"end":{"line":25,"column":null}},"4":{"start":{"line":18,"column":28},"end":{"line":25,"column":null}},"5":{"start":{"line":28,"column":0},"end":{"line":28,"column":null}},"6":{"start":{"line":30,"column":23},"end":{"line":37,"column":null}},"7":{"start":{"line":33,"column":28},"end":{"line":37,"column":null}},"8":{"start":{"line":40,"column":0},"end":{"line":40,"column":null}},"9":{"start":{"line":42,"column":23},"end":{"line":57,"column":null}},"10":{"start":{"line":48,"column":15},"end":{"line":48,"column":null}},"11":{"start":{"line":50,"column":2},"end":{"line":54,"column":null}},"12":{"start":{"line":58,"column":0},"end":{"line":58,"column":null}},"13":{"start":{"line":60,"column":23},"end":{"line":70,"column":null}},"14":{"start":{"line":63,"column":28},"end":{"line":70,"column":null}},"15":{"start":{"line":73,"column":0},"end":{"line":73,"column":null}},"16":{"start":{"line":75,"column":28},"end":{"line":86,"column":null}},"17":{"start":{"line":79,"column":29},"end":{"line":86,"column":null}},"18":{"start":{"line":89,"column":0},"end":{"line":89,"column":null}},"19":{"start":{"line":91,"column":27},"end":{"line":102,"column":null}},"20":{"start":{"line":94,"column":31},"end":{"line":102,"column":null}},"21":{"start":{"line":105,"column":0},"end":{"line":105,"column":null}}},"fnMap":{"0":{"name":"(anonymous_0)","decl":{"start":{"line":12,"column":2},"end":{"line":12,"column":3}},"loc":{"start":{"line":12,"column":17},"end":{"line":12,"column":null}},"line":12},"1":{"name":"(anonymous_1)","decl":{"start":{"line":18,"column":2},"end":{"line":18,"column":3}},"loc":{"start":{"line":18,"column":28},"end":{"line":25,"column":null}},"line":18},"2":{"name":"(anonymous_2)","decl":{"start":{"line":33,"column":2},"end":{"line":33,"column":3}},"loc":{"start":{"line":33,"column":28},"end":{"line":37,"column":null}},"line":33},"3":{"name":"(anonymous_3)","decl":{"start":{"line":47,"column":2},"end":{"line":47,"column":3}},"loc":{"start":{"line":47,"column":37},"end":{"line":57,"column":null}},"line":47},"4":{"name":"(anonymous_4)","decl":{"start":{"line":63,"column":2},"end":{"line":63,"column":3}},"loc":{"start":{"line":63,"column":28},"end":{"line":70,"column":null}},"line":63},"5":{"name":"(anonymous_5)","decl":{"start":{"line":75,"column":28},"end":{"line":75,"column":29}},"loc":{"start":{"line":79,"column":29},"end":{"line":86,"column":null}},"line":79},"6":{"name":"(anonymous_6)","decl":{"start":{"line":91,"column":27},"end":{"line":91,"column":28}},"loc":{"start":{"line":94,"column":31},"end":{"line":102,"column":null}},"line":94}},"branchMap":{"0":{"loc":{"start":{"line":48,"column":15},"end":{"line":48,"column":null}},"type":"cond-expr","locations":[{"start":{"line":48,"column":25},"end":{"line":48,"column":32}},{"start":{"line":48,"column":32},"end":{"line":48,"column":null}}],"line":48},"1":{"loc":{"start":{"line":86,"column":5},"end":{"line":86,"column":null}},"type":"binary-expr","locations":[{"start":{"line":86,"column":5},"end":{"line":86,"column":17}},{"start":{"line":86,"column":5},"end":{"line":86,"column":null}}],"line":86}},"s":{"0":0,"1":0,"2":0,"3":0,"4":0,"5":0,"6":0,"7":0,"8":0,"9":0,"10":0,"11":0,"12":0,"13":0,"14":0,"15":0,"16":0,"17":0,"18":0,"19":0,"20":0,"21":0},"f":{"0":0,"1":0,"2":0,"3":0,"4":0,"5":0,"6":0},"b":{"0":[0,0],"1":[0,0]},"meta":{"lastBranch":2,"lastFunction":7,"lastStatement":22,"seen":{"s:7:19:12:Infinity":0,"f:12:2:12:3":0,"s:12:17:12:Infinity":1,"s:13:0:13:Infinity":2,"s:15:23:25:Infinity":3,"f:18:2:18:3":1,"s:18:28:25:Infinity":4,"s:28:0:28:Infinity":5,"s:30:23:37:Infinity":6,"f:33:2:33:3":2,"s:33:28:37:Infinity":7,"s:40:0:40:Infinity":8,"s:42:23:57:Infinity":9,"f:47:2:47:3":3,"s:48:15:48:Infinity":10,"b:48:25:48:32:48:32:48:Infinity":0,"s:50:2:54:Infinity":11,"s:58:0:58:Infinity":12,"s:60:23:70:Infinity":13,"f:63:2:63:3":4,"s:63:28:70:Infinity":14,"s:73:0:73:Infinity":15,"s:75:28:86:Infinity":16,"f:75:28:75:29":5,"s:79:29:86:Infinity":17,"b:86:5:86:17:86:5:86:Infinity":1,"s:89:0:89:Infinity":18,"s:91:27:102:Infinity":19,"f:91:27:91:28":6,"s:94:31:102:Infinity":20,"s:105:0:105:Infinity":21}}}
,"/Users/ph/Documents/ph/sleep-cycle-zenith-planner/src/components/ui/button.tsx": {"path":"/Users/ph/Documents/ph/sleep-cycle-zenith-planner/src/components/ui/button.tsx","statementMap":{"0":{"start":{"line":7,"column":6},"end":{"line":31,"column":null}},"1":{"start":{"line":40,"column":15},"end":{"line":50,"column":null}},"2":{"start":{"line":42,"column":17},"end":{"line":42,"column":null}},"3":{"start":{"line":43,"column":4},"end":{"line":47,"column":null}},"4":{"start":{"line":52,"column":0},"end":{"line":52,"column":null}}},"fnMap":{"0":{"name":"(anonymous_0)","decl":{"start":{"line":41,"column":2},"end":{"line":41,"column":3}},"loc":{"start":{"line":41,"column":60},"end":{"line":50,"column":null}},"line":41}},"branchMap":{"0":{"loc":{"start":{"line":41,"column":31},"end":{"line":41,"column":46}},"type":"default-arg","locations":[{"start":{"line":41,"column":41},"end":{"line":41,"column":46}}],"line":41},"1":{"loc":{"start":{"line":42,"column":17},"end":{"line":42,"column":null}},"type":"cond-expr","locations":[{"start":{"line":42,"column":27},"end":{"line":42,"column":34}},{"start":{"line":42,"column":34},"end":{"line":42,"column":null}}],"line":42}},"s":{"0":0,"1":0,"2":0,"3":0,"4":0},"f":{"0":0},"b":{"0":[0],"1":[0,0]},"meta":{"lastBranch":2,"lastFunction":1,"lastStatement":5,"seen":{"s:7:6:31:Infinity":0,"s:40:15:50:Infinity":1,"f:41:2:41:3":0,"b:41:41:41:46":0,"s:42:17:42:Infinity":2,"b:42:27:42:34:42:34:42:Infinity":1,"s:43:4:47:Infinity":3,"s:52:0:52:Infinity":4}}}
,"/Users/ph/Documents/ph/sleep-cycle-zenith-planner/src/components/ui/calendar.tsx": {"path":"/Users/ph/Documents/ph/sleep-cycle-zenith-planner/src/components/ui/calendar.tsx","statementMap":{"0":{"start":{"line":16,"column":2},"end":{"line":58,"column":null}},"1":{"start":{"line":55,"column":32},"end":{"line":55,"column":null}},"2":{"start":{"line":56,"column":33},"end":{"line":56,"column":null}},"3":{"start":{"line":62,"column":0},"end":{"line":62,"column":null}}},"fnMap":{"0":{"name":"Calendar","decl":{"start":{"line":10,"column":9},"end":{"line":10,"column":18}},"loc":{"start":{"line":15,"column":16},"end":{"line":61,"column":null}},"line":15},"1":{"name":"(anonymous_1)","decl":{"start":{"line":55,"column":18},"end":{"line":55,"column":19}},"loc":{"start":{"line":55,"column":32},"end":{"line":55,"column":null}},"line":55},"2":{"name":"(anonymous_2)","decl":{"start":{"line":56,"column":19},"end":{"line":56,"column":20}},"loc":{"start":{"line":56,"column":33},"end":{"line":56,"column":null}},"line":56}},"branchMap":{"0":{"loc":{"start":{"line":13,"column":2},"end":{"line":13,"column":24}},"type":"default-arg","locations":[{"start":{"line":13,"column":20},"end":{"line":13,"column":24}}],"line":13}},"s":{"0":0,"1":0,"2":0,"3":0},"f":{"0":0,"1":0,"2":0},"b":{"0":[0]},"meta":{"lastBranch":1,"lastFunction":3,"lastStatement":4,"seen":{"f:10:9:10:18":0,"b:13:20:13:24":0,"s:16:2:58:Infinity":0,"f:55:18:55:19":1,"s:55:32:55:Infinity":1,"f:56:19:56:20":2,"s:56:33:56:Infinity":2,"s:62:0:62:Infinity":3}}}
,"/Users/ph/Documents/ph/sleep-cycle-zenith-planner/src/components/ui/card.tsx": {"path":"/Users/ph/Documents/ph/sleep-cycle-zenith-planner/src/components/ui/card.tsx","statementMap":{"0":{"start":{"line":5,"column":13},"end":{"line":15,"column":null}},"1":{"start":{"line":8,"column":28},"end":{"line":15,"column":null}},"2":{"start":{"line":18,"column":0},"end":{"line":18,"column":null}},"3":{"start":{"line":20,"column":19},"end":{"line":27,"column":null}},"4":{"start":{"line":23,"column":28},"end":{"line":27,"column":null}},"5":{"start":{"line":30,"column":0},"end":{"line":30,"column":null}},"6":{"start":{"line":32,"column":18},"end":{"line":42,"column":null}},"7":{"start":{"line":35,"column":28},"end":{"line":42,"column":null}},"8":{"start":{"line":45,"column":0},"end":{"line":45,"column":null}},"9":{"start":{"line":47,"column":24},"end":{"line":54,"column":null}},"10":{"start":{"line":50,"column":28},"end":{"line":54,"column":null}},"11":{"start":{"line":57,"column":0},"end":{"line":57,"column":null}},"12":{"start":{"line":59,"column":20},"end":{"line":63,"column":null}},"13":{"start":{"line":62,"column":28},"end":{"line":63,"column":null}},"14":{"start":{"line":65,"column":0},"end":{"line":65,"column":null}},"15":{"start":{"line":67,"column":19},"end":{"line":74,"column":null}},"16":{"start":{"line":70,"column":28},"end":{"line":74,"column":null}},"17":{"start":{"line":77,"column":0},"end":{"line":77,"column":null}}},"fnMap":{"0":{"name":"(anonymous_0)","decl":{"start":{"line":8,"column":2},"end":{"line":8,"column":3}},"loc":{"start":{"line":8,"column":28},"end":{"line":15,"column":null}},"line":8},"1":{"name":"(anonymous_1)","decl":{"start":{"line":23,"column":2},"end":{"line":23,"column":3}},"loc":{"start":{"line":23,"column":28},"end":{"line":27,"column":null}},"line":23},"2":{"name":"(anonymous_2)","decl":{"start":{"line":35,"column":2},"end":{"line":35,"column":3}},"loc":{"start":{"line":35,"column":28},"end":{"line":42,"column":null}},"line":35},"3":{"name":"(anonymous_3)","decl":{"start":{"line":50,"column":2},"end":{"line":50,"column":3}},"loc":{"start":{"line":50,"column":28},"end":{"line":54,"column":null}},"line":50},"4":{"name":"(anonymous_4)","decl":{"start":{"line":62,"column":2},"end":{"line":62,"column":3}},"loc":{"start":{"line":62,"column":28},"end":{"line":63,"column":null}},"line":62},"5":{"name":"(anonymous_5)","decl":{"start":{"line":70,"column":2},"end":{"line":70,"column":3}},"loc":{"start":{"line":70,"column":28},"end":{"line":74,"column":null}},"line":70}},"branchMap":{},"s":{"0":0,"1":0,"2":0,"3":0,"4":0,"5":0,"6":0,"7":0,"8":0,"9":0,"10":0,"11":0,"12":0,"13":0,"14":0,"15":0,"16":0,"17":0},"f":{"0":0,"1":0,"2":0,"3":0,"4":0,"5":0},"b":{},"meta":{"lastBranch":0,"lastFunction":6,"lastStatement":18,"seen":{"s:5:13:15:Infinity":0,"f:8:2:8:3":0,"s:8:28:15:Infinity":1,"s:18:0:18:Infinity":2,"s:20:19:27:Infinity":3,"f:23:2:23:3":1,"s:23:28:27:Infinity":4,"s:30:0:30:Infinity":5,"s:32:18:42:Infinity":6,"f:35:2:35:3":2,"s:35:28:42:Infinity":7,"s:45:0:45:Infinity":8,"s:47:24:54:Infinity":9,"f:50:2:50:3":3,"s:50:28:54:Infinity":10,"s:57:0:57:Infinity":11,"s:59:20:63:Infinity":12,"f:62:2:62:3":4,"s:62:28:63:Infinity":13,"s:65:0:65:Infinity":14,"s:67:19:74:Infinity":15,"f:70:2:70:3":5,"s:70:28:74:Infinity":16,"s:77:0:77:Infinity":17}}}
,"/Users/ph/Documents/ph/sleep-cycle-zenith-planner/src/components/ui/carousel.tsx": {"path":"/Users/ph/Documents/ph/sleep-cycle-zenith-planner/src/components/ui/carousel.tsx","statementMap":{"0":{"start":{"line":31,"column":24},"end":{"line":31,"column":null}},"1":{"start":{"line":34,"column":18},"end":{"line":34,"column":null}},"2":{"start":{"line":36,"column":2},"end":{"line":38,"column":null}},"3":{"start":{"line":37,"column":4},"end":{"line":37,"column":null}},"4":{"start":{"line":40,"column":2},"end":{"line":40,"column":null}},"5":{"start":{"line":43,"column":17},"end":{"line":147,"column":null}},"6":{"start":{"line":59,"column":28},"end":{"line":64,"column":null}},"7":{"start":{"line":66,"column":46},"end":{"line":66,"column":null}},"8":{"start":{"line":67,"column":46},"end":{"line":67,"column":null}},"9":{"start":{"line":69,"column":21},"end":{"line":76,"column":null}},"10":{"start":{"line":70,"column":6},"end":{"line":72,"column":null}},"11":{"start":{"line":71,"column":8},"end":{"line":71,"column":null}},"12":{"start":{"line":74,"column":6},"end":{"line":74,"column":null}},"13":{"start":{"line":75,"column":6},"end":{"line":75,"column":null}},"14":{"start":{"line":78,"column":23},"end":{"line":80,"column":null}},"15":{"start":{"line":79,"column":6},"end":{"line":79,"column":null}},"16":{"start":{"line":82,"column":23},"end":{"line":84,"column":null}},"17":{"start":{"line":83,"column":6},"end":{"line":83,"column":null}},"18":{"start":{"line":86,"column":26},"end":{"line":96,"column":null}},"19":{"start":{"line":88,"column":8},"end":{"line":94,"column":null}},"20":{"start":{"line":89,"column":10},"end":{"line":89,"column":null}},"21":{"start":{"line":90,"column":10},"end":{"line":90,"column":null}},"22":{"start":{"line":91,"column":15},"end":{"line":94,"column":null}},"23":{"start":{"line":92,"column":10},"end":{"line":92,"column":null}},"24":{"start":{"line":93,"column":10},"end":{"line":93,"column":null}},"25":{"start":{"line":99,"column":4},"end":{"line":105,"column":null}},"26":{"start":{"line":100,"column":6},"end":{"line":102,"column":null}},"27":{"start":{"line":101,"column":8},"end":{"line":101,"column":null}},"28":{"start":{"line":104,"column":6},"end":{"line":104,"column":null}},"29":{"start":{"line":107,"column":4},"end":{"line":119,"column":null}},"30":{"start":{"line":108,"column":6},"end":{"line":110,"column":null}},"31":{"start":{"line":109,"column":8},"end":{"line":109,"column":null}},"32":{"start":{"line":112,"column":6},"end":{"line":112,"column":null}},"33":{"start":{"line":113,"column":6},"end":{"line":113,"column":null}},"34":{"start":{"line":114,"column":6},"end":{"line":114,"column":null}},"35":{"start":{"line":116,"column":6},"end":{"line":118,"column":null}},"36":{"start":{"line":117,"column":8},"end":{"line":117,"column":null}},"37":{"start":{"line":121,"column":4},"end":{"line":143,"column":null}},"38":{"start":{"line":149,"column":0},"end":{"line":149,"column":null}},"39":{"start":{"line":151,"column":24},"end":{"line":170,"column":null}},"40":{"start":{"line":155,"column":39},"end":{"line":155,"column":null}},"41":{"start":{"line":157,"column":2},"end":{"line":166,"column":null}},"42":{"start":{"line":171,"column":0},"end":{"line":171,"column":null}},"43":{"start":{"line":173,"column":21},"end":{"line":192,"column":null}},"44":{"start":{"line":177,"column":26},"end":{"line":177,"column":null}},"45":{"start":{"line":179,"column":2},"end":{"line":189,"column":null}},"46":{"start":{"line":193,"column":0},"end":{"line":193,"column":null}},"47":{"start":{"line":195,"column":25},"end":{"line":221,"column":null}},"48":{"start":{"line":199,"column":53},"end":{"line":199,"column":null}},"49":{"start":{"line":201,"column":2},"end":{"line":218,"column":null}},"50":{"start":{"line":222,"column":0},"end":{"line":222,"column":null}},"51":{"start":{"line":224,"column":21},"end":{"line":250,"column":null}},"52":{"start":{"line":228,"column":53},"end":{"line":228,"column":null}},"53":{"start":{"line":230,"column":2},"end":{"line":247,"column":null}},"54":{"start":{"line":251,"column":0},"end":{"line":251,"column":null}}},"fnMap":{"0":{"name":"useCarousel","decl":{"start":{"line":33,"column":9},"end":{"line":33,"column":null}},"loc":{"start":{"line":33,"column":9},"end":{"line":41,"column":null}},"line":33},"1":{"name":"(anonymous_1)","decl":{"start":{"line":47,"column":2},"end":{"line":47,"column":null}},"loc":{"start":{"line":57,"column":4},"end":{"line":147,"column":null}},"line":57},"2":{"name":"(anonymous_2)","decl":{"start":{"line":69,"column":39},"end":{"line":69,"column":40}},"loc":{"start":{"line":69,"column":40},"end":{"line":76,"column":7}},"line":69},"3":{"name":"(anonymous_3)","decl":{"start":{"line":78,"column":41},"end":{"line":78,"column":null}},"loc":{"start":{"line":78,"column":41},"end":{"line":80,"column":7}},"line":78},"4":{"name":"(anonymous_4)","decl":{"start":{"line":82,"column":41},"end":{"line":82,"column":null}},"loc":{"start":{"line":82,"column":41},"end":{"line":84,"column":7}},"line":82},"5":{"name":"(anonymous_5)","decl":{"start":{"line":87,"column":6},"end":{"line":87,"column":7}},"loc":{"start":{"line":87,"column":7},"end":{"line":95,"column":null}},"line":87},"6":{"name":"(anonymous_6)","decl":{"start":{"line":99,"column":20},"end":{"line":99,"column":null}},"loc":{"start":{"line":99,"column":20},"end":{"line":105,"column":7}},"line":99},"7":{"name":"(anonymous_7)","decl":{"start":{"line":107,"column":20},"end":{"line":107,"column":null}},"loc":{"start":{"line":107,"column":20},"end":{"line":119,"column":7}},"line":107},"8":{"name":"(anonymous_8)","decl":{"start":{"line":116,"column":13},"end":{"line":116,"column":null}},"loc":{"start":{"line":116,"column":13},"end":{"line":118,"column":null}},"line":116},"9":{"name":"(anonymous_9)","decl":{"start":{"line":154,"column":2},"end":{"line":154,"column":3}},"loc":{"start":{"line":154,"column":28},"end":{"line":170,"column":null}},"line":154},"10":{"name":"(anonymous_10)","decl":{"start":{"line":176,"column":2},"end":{"line":176,"column":3}},"loc":{"start":{"line":176,"column":28},"end":{"line":192,"column":null}},"line":176},"11":{"name":"(anonymous_11)","decl":{"start":{"line":198,"column":2},"end":{"line":198,"column":3}},"loc":{"start":{"line":198,"column":64},"end":{"line":221,"column":null}},"line":198},"12":{"name":"(anonymous_12)","decl":{"start":{"line":227,"column":2},"end":{"line":227,"column":3}},"loc":{"start":{"line":227,"column":64},"end":{"line":250,"column":null}},"line":227}},"branchMap":{"0":{"loc":{"start":{"line":36,"column":2},"end":{"line":38,"column":null}},"type":"if","locations":[{"start":{"line":36,"column":2},"end":{"line":38,"column":null}},{"start":{},"end":{}}],"line":36},"1":{"loc":{"start":{"line":49,"column":6},"end":{"line":49,"column":32}},"type":"default-arg","locations":[{"start":{"line":49,"column":20},"end":{"line":49,"column":32}}],"line":49},"2":{"loc":{"start":{"line":62,"column":14},"end":{"line":62,"column":null}},"type":"cond-expr","locations":[{"start":{"line":62,"column":45},"end":{"line":62,"column":51}},{"start":{"line":62,"column":51},"end":{"line":62,"column":null}}],"line":62},"3":{"loc":{"start":{"line":70,"column":6},"end":{"line":72,"column":null}},"type":"if","locations":[{"start":{"line":70,"column":6},"end":{"line":72,"column":null}},{"start":{},"end":{}}],"line":70},"4":{"loc":{"start":{"line":88,"column":8},"end":{"line":94,"column":null}},"type":"if","locations":[{"start":{"line":88,"column":8},"end":{"line":94,"column":null}},{"start":{"line":91,"column":15},"end":{"line":94,"column":null}}],"line":88},"5":{"loc":{"start":{"line":91,"column":15},"end":{"line":94,"column":null}},"type":"if","locations":[{"start":{"line":91,"column":15},"end":{"line":94,"column":null}},{"start":{},"end":{}}],"line":91},"6":{"loc":{"start":{"line":100,"column":6},"end":{"line":102,"column":null}},"type":"if","locations":[{"start":{"line":100,"column":6},"end":{"line":102,"column":null}},{"start":{},"end":{}}],"line":100},"7":{"loc":{"start":{"line":100,"column":10},"end":{"line":100,"column":27}},"type":"binary-expr","locations":[{"start":{"line":100,"column":10},"end":{"line":100,"column":18}},{"start":{"line":100,"column":18},"end":{"line":100,"column":27}}],"line":100},"8":{"loc":{"start":{"line":108,"column":6},"end":{"line":110,"column":null}},"type":"if","locations":[{"start":{"line":108,"column":6},"end":{"line":110,"column":null}},{"start":{},"end":{}}],"line":108},"9":{"loc":{"start":{"line":128,"column":12},"end":{"line":128,"column":null}},"type":"binary-expr","locations":[{"start":{"line":128,"column":12},"end":{"line":128,"column":28}},{"start":{"line":128,"column":28},"end":{"line":128,"column":73}}],"line":128},"10":{"loc":{"start":{"line":128,"column":28},"end":{"line":128,"column":73}},"type":"cond-expr","locations":[{"start":{"line":128,"column":49},"end":{"line":128,"column":62}},{"start":{"line":128,"column":62},"end":{"line":128,"column":73}}],"line":128},"11":{"loc":{"start":{"line":163,"column":10},"end":{"line":163,"column":null}},"type":"cond-expr","locations":[{"start":{"line":163,"column":41},"end":{"line":163,"column":51}},{"start":{"line":163,"column":51},"end":{"line":163,"column":null}}],"line":163},"12":{"loc":{"start":{"line":186,"column":8},"end":{"line":186,"column":null}},"type":"cond-expr","locations":[{"start":{"line":186,"column":39},"end":{"line":186,"column":48}},{"start":{"line":186,"column":48},"end":{"line":186,"column":null}}],"line":186},"13":{"loc":{"start":{"line":198,"column":16},"end":{"line":198,"column":35}},"type":"default-arg","locations":[{"start":{"line":198,"column":26},"end":{"line":198,"column":35}}],"line":198},"14":{"loc":{"start":{"line":198,"column":37},"end":{"line":198,"column":50}},"type":"default-arg","locations":[{"start":{"line":198,"column":44},"end":{"line":198,"column":50}}],"line":198},"15":{"loc":{"start":{"line":208,"column":8},"end":{"line":210,"column":null}},"type":"cond-expr","locations":[{"start":{"line":209,"column":12},"end":{"line":209,"column":null}},{"start":{"line":210,"column":12},"end":{"line":210,"column":null}}],"line":208},"16":{"loc":{"start":{"line":227,"column":16},"end":{"line":227,"column":35}},"type":"default-arg","locations":[{"start":{"line":227,"column":26},"end":{"line":227,"column":35}}],"line":227},"17":{"loc":{"start":{"line":227,"column":37},"end":{"line":227,"column":50}},"type":"default-arg","locations":[{"start":{"line":227,"column":44},"end":{"line":227,"column":50}}],"line":227},"18":{"loc":{"start":{"line":237,"column":8},"end":{"line":239,"column":null}},"type":"cond-expr","locations":[{"start":{"line":238,"column":12},"end":{"line":238,"column":null}},{"start":{"line":239,"column":12},"end":{"line":239,"column":null}}],"line":237}},"s":{"0":0,"1":0,"2":0,"3":0,"4":0,"5":0,"6":0,"7":0,"8":0,"9":0,"10":0,"11":0,"12":0,"13":0,"14":0,"15":0,"16":0,"17":0,"18":0,"19":0,"20":0,"21":0,"22":0,"23":0,"24":0,"25":0,"26":0,"27":0,"28":0,"29":0,"30":0,"31":0,"32":0,"33":0,"34":0,"35":0,"36":0,"37":0,"38":0,"39":0,"40":0,"41":0,"42":0,"43":0,"44":0,"45":0,"46":0,"47":0,"48":0,"49":0,"50":0,"51":0,"52":0,"53":0,"54":0},"f":{"0":0,"1":0,"2":0,"3":0,"4":0,"5":0,"6":0,"7":0,"8":0,"9":0,"10":0,"11":0,"12":0},"b":{"0":[0,0],"1":[0],"2":[0,0],"3":[0,0],"4":[0,0],"5":[0,0],"6":[0,0],"7":[0,0],"8":[0,0],"9":[0,0],"10":[0,0],"11":[0,0],"12":[0,0],"13":[0],"14":[0],"15":[0,0],"16":[0],"17":[0],"18":[0,0]},"meta":{"lastBranch":19,"lastFunction":13,"lastStatement":55,"seen":{"s:31:24:31:Infinity":0,"f:33:9:33:Infinity":0,"s:34:18:34:Infinity":1,"b:36:2:38:Infinity:undefined:undefined:undefined:undefined":0,"s:36:2:38:Infinity":2,"s:37:4:37:Infinity":3,"s:40:2:40:Infinity":4,"s:43:17:147:Infinity":5,"f:47:2:47:Infinity":1,"b:49:20:49:32":1,"s:59:28:64:Infinity":6,"b:62:45:62:51:62:51:62:Infinity":2,"s:66:46:66:Infinity":7,"s:67:46:67:Infinity":8,"s:69:21:76:Infinity":9,"f:69:39:69:40":2,"b:70:6:72:Infinity:undefined:undefined:undefined:undefined":3,"s:70:6:72:Infinity":10,"s:71:8:71:Infinity":11,"s:74:6:74:Infinity":12,"s:75:6:75:Infinity":13,"s:78:23:80:Infinity":14,"f:78:41:78:Infinity":3,"s:79:6:79:Infinity":15,"s:82:23:84:Infinity":16,"f:82:41:82:Infinity":4,"s:83:6:83:Infinity":17,"s:86:26:96:Infinity":18,"f:87:6:87:7":5,"b:88:8:94:Infinity:91:15:94:Infinity":4,"s:88:8:94:Infinity":19,"s:89:10:89:Infinity":20,"s:90:10:90:Infinity":21,"b:91:15:94:Infinity:undefined:undefined:undefined:undefined":5,"s:91:15:94:Infinity":22,"s:92:10:92:Infinity":23,"s:93:10:93:Infinity":24,"s:99:4:105:Infinity":25,"f:99:20:99:Infinity":6,"b:100:6:102:Infinity:undefined:undefined:undefined:undefined":6,"s:100:6:102:Infinity":26,"b:100:10:100:18:100:18:100:27":7,"s:101:8:101:Infinity":27,"s:104:6:104:Infinity":28,"s:107:4:119:Infinity":29,"f:107:20:107:Infinity":7,"b:108:6:110:Infinity:undefined:undefined:undefined:undefined":8,"s:108:6:110:Infinity":30,"s:109:8:109:Infinity":31,"s:112:6:112:Infinity":32,"s:113:6:113:Infinity":33,"s:114:6:114:Infinity":34,"s:116:6:118:Infinity":35,"f:116:13:116:Infinity":8,"s:117:8:117:Infinity":36,"s:121:4:143:Infinity":37,"b:128:12:128:28:128:28:128:73":9,"b:128:49:128:62:128:62:128:73":10,"s:149:0:149:Infinity":38,"s:151:24:170:Infinity":39,"f:154:2:154:3":9,"s:155:39:155:Infinity":40,"s:157:2:166:Infinity":41,"b:163:41:163:51:163:51:163:Infinity":11,"s:171:0:171:Infinity":42,"s:173:21:192:Infinity":43,"f:176:2:176:3":10,"s:177:26:177:Infinity":44,"s:179:2:189:Infinity":45,"b:186:39:186:48:186:48:186:Infinity":12,"s:193:0:193:Infinity":46,"s:195:25:221:Infinity":47,"f:198:2:198:3":11,"b:198:26:198:35":13,"b:198:44:198:50":14,"s:199:53:199:Infinity":48,"s:201:2:218:Infinity":49,"b:209:12:209:Infinity:210:12:210:Infinity":15,"s:222:0:222:Infinity":50,"s:224:21:250:Infinity":51,"f:227:2:227:3":12,"b:227:26:227:35":16,"b:227:44:227:50":17,"s:228:53:228:Infinity":52,"s:230:2:247:Infinity":53,"b:238:12:238:Infinity:239:12:239:Infinity":18,"s:251:0:251:Infinity":54}}}
,"/Users/ph/Documents/ph/sleep-cycle-zenith-planner/src/components/ui/chart.tsx": {"path":"/Users/ph/Documents/ph/sleep-cycle-zenith-planner/src/components/ui/chart.tsx","statementMap":{"0":{"start":{"line":7,"column":15},"end":{"line":7,"column":null}},"1":{"start":{"line":23,"column":21},"end":{"line":23,"column":null}},"2":{"start":{"line":26,"column":18},"end":{"line":26,"column":null}},"3":{"start":{"line":28,"column":2},"end":{"line":30,"column":null}},"4":{"start":{"line":29,"column":4},"end":{"line":29,"column":null}},"5":{"start":{"line":32,"column":2},"end":{"line":32,"column":null}},"6":{"start":{"line":35,"column":23},"end":{"line":65,"column":null}},"7":{"start":{"line":44,"column":19},"end":{"line":44,"column":null}},"8":{"start":{"line":45,"column":18},"end":{"line":45,"column":61}},"9":{"start":{"line":47,"column":2},"end":{"line":60,"column":null}},"10":{"start":{"line":66,"column":0},"end":{"line":66,"column":null}},"11":{"start":{"line":68,"column":19},"end":{"line":99,"column":null}},"12":{"start":{"line":69,"column":22},"end":{"line":70,"column":null}},"13":{"start":{"line":70,"column":21},"end":{"line":70,"column":49}},"14":{"start":{"line":73,"column":2},"end":{"line":75,"column":null}},"15":{"start":{"line":74,"column":4},"end":{"line":74,"column":null}},"16":{"start":{"line":77,"column":2},"end":{"line":96,"column":null}},"17":{"start":{"line":82,"column":33},"end":{"line":93,"column":1}},"18":{"start":{"line":87,"column":6},"end":{"line":88,"column":22}},"19":{"start":{"line":89,"column":4},"end":{"line":89,"column":null}},"20":{"start":{"line":101,"column":21},"end":{"line":101,"column":46}},"21":{"start":{"line":103,"column":28},"end":{"line":253,"column":null}},"22":{"start":{"line":132,"column":23},"end":{"line":132,"column":null}},"23":{"start":{"line":134,"column":25},"end":{"line":168,"column":null}},"24":{"start":{"line":135,"column":6},"end":{"line":137,"column":null}},"25":{"start":{"line":136,"column":8},"end":{"line":136,"column":null}},"26":{"start":{"line":139,"column":21},"end":{"line":139,"column":null}},"27":{"start":{"line":140,"column":18},"end":{"line":140,"column":71}},"28":{"start":{"line":141,"column":25},"end":{"line":141,"column":null}},"29":{"start":{"line":143,"column":8},"end":{"line":145,"column":null}},"30":{"start":{"line":147,"column":6},"end":{"line":153,"column":null}},"31":{"start":{"line":148,"column":8},"end":{"line":150,"column":null}},"32":{"start":{"line":155,"column":6},"end":{"line":157,"column":null}},"33":{"start":{"line":156,"column":8},"end":{"line":156,"column":null}},"34":{"start":{"line":159,"column":6},"end":{"line":159,"column":null}},"35":{"start":{"line":170,"column":4},"end":{"line":172,"column":null}},"36":{"start":{"line":171,"column":6},"end":{"line":171,"column":null}},"37":{"start":{"line":174,"column":22},"end":{"line":174,"column":null}},"38":{"start":{"line":176,"column":4},"end":{"line":249,"column":null}},"39":{"start":{"line":187,"column":24},"end":{"line":187,"column":76}},"40":{"start":{"line":188,"column":31},"end":{"line":188,"column":null}},"41":{"start":{"line":189,"column":35},"end":{"line":189,"column":75}},"42":{"start":{"line":191,"column":12},"end":{"line":193,"column":null}},"43":{"start":{"line":255,"column":0},"end":{"line":255,"column":null}},"44":{"start":{"line":257,"column":20},"end":{"line":257,"column":44}},"45":{"start":{"line":259,"column":27},"end":{"line":313,"column":null}},"46":{"start":{"line":271,"column":23},"end":{"line":271,"column":null}},"47":{"start":{"line":273,"column":4},"end":{"line":275,"column":null}},"48":{"start":{"line":274,"column":6},"end":{"line":274,"column":null}},"49":{"start":{"line":277,"column":4},"end":{"line":310,"column":null}},"50":{"start":{"line":287,"column":22},"end":{"line":287,"column":61}},"51":{"start":{"line":288,"column":29},"end":{"line":288,"column":null}},"52":{"start":{"line":290,"column":10},"end":{"line":292,"column":null}},"53":{"start":{"line":315,"column":0},"end":{"line":315,"column":null}},"54":{"start":{"line":323,"column":2},"end":{"line":325,"column":null}},"55":{"start":{"line":324,"column":4},"end":{"line":324,"column":null}},"56":{"start":{"line":328,"column":4},"end":{"line":332,"column":null}},"57":{"start":{"line":334,"column":31},"end":{"line":334,"column":null}},"58":{"start":{"line":336,"column":2},"end":{"line":349,"column":null}},"59":{"start":{"line":340,"column":4},"end":{"line":340,"column":null}},"60":{"start":{"line":341,"column":9},"end":{"line":349,"column":null}},"61":{"start":{"line":346,"column":4},"end":{"line":348,"column":null}},"62":{"start":{"line":351,"column":2},"end":{"line":353,"column":null}}},"fnMap":{"0":{"name":"useChart","decl":{"start":{"line":25,"column":9},"end":{"line":25,"column":null}},"loc":{"start":{"line":25,"column":9},"end":{"line":33,"column":null}},"line":25},"1":{"name":"(anonymous_1)","decl":{"start":{"line":43,"column":2},"end":{"line":43,"column":3}},"loc":{"start":{"line":43,"column":50},"end":{"line":65,"column":null}},"line":43},"2":{"name":"(anonymous_2)","decl":{"start":{"line":68,"column":19},"end":{"line":68,"column":20}},"loc":{"start":{"line":68,"column":71},"end":{"line":99,"column":null}},"line":68},"3":{"name":"(anonymous_3)","decl":{"start":{"line":70,"column":4},"end":{"line":70,"column":5}},"loc":{"start":{"line":70,"column":21},"end":{"line":70,"column":49}},"line":70},"4":{"name":"(anonymous_4)","decl":{"start":{"line":82,"column":12},"end":{"line":82,"column":13}},"loc":{"start":{"line":82,"column":33},"end":{"line":93,"column":1}},"line":82},"5":{"name":"(anonymous_5)","decl":{"start":{"line":85,"column":7},"end":{"line":85,"column":8}},"loc":{"start":{"line":85,"column":25},"end":{"line":90,"column":null}},"line":85},"6":{"name":"(anonymous_6)","decl":{"start":{"line":114,"column":2},"end":{"line":114,"column":null}},"loc":{"start":{"line":130,"column":4},"end":{"line":253,"column":null}},"line":130},"7":{"name":"(anonymous_7)","decl":{"start":{"line":134,"column":39},"end":{"line":134,"column":null}},"loc":{"start":{"line":134,"column":39},"end":{"line":160,"column":7}},"line":134},"8":{"name":"(anonymous_8)","decl":{"start":{"line":186,"column":23},"end":{"line":186,"column":24}},"loc":{"start":{"line":186,"column":30},"end":{"line":249,"column":null}},"line":186},"9":{"name":"(anonymous_9)","decl":{"start":{"line":267,"column":2},"end":{"line":267,"column":null}},"loc":{"start":{"line":269,"column":4},"end":{"line":313,"column":null}},"line":269},"10":{"name":"(anonymous_10)","decl":{"start":{"line":286,"column":21},"end":{"line":286,"column":22}},"loc":{"start":{"line":286,"column":22},"end":{"line":310,"column":null}},"line":286},"11":{"name":"getPayloadConfigFromPayload","decl":{"start":{"line":318,"column":9},"end":{"line":318,"column":null}},"loc":{"start":{"line":321,"column":13},"end":{"line":354,"column":null}},"line":321}},"branchMap":{"0":{"loc":{"start":{"line":28,"column":2},"end":{"line":30,"column":null}},"type":"if","locations":[{"start":{"line":28,"column":2},"end":{"line":30,"column":null}},{"start":{},"end":{}}],"line":28},"1":{"loc":{"start":{"line":45,"column":27},"end":{"line":45,"column":60}},"type":"binary-expr","locations":[{"start":{"line":45,"column":27},"end":{"line":45,"column":33}},{"start":{"line":45,"column":33},"end":{"line":45,"column":60}}],"line":45},"2":{"loc":{"start":{"line":70,"column":21},"end":{"line":70,"column":49}},"type":"binary-expr","locations":[{"start":{"line":70,"column":21},"end":{"line":70,"column":33}},{"start":{"line":70,"column":37},"end":{"line":70,"column":49}}],"line":70},"3":{"loc":{"start":{"line":73,"column":2},"end":{"line":75,"column":null}},"type":"if","locations":[{"start":{"line":73,"column":2},"end":{"line":75,"column":null}},{"start":{},"end":{}}],"line":73},"4":{"loc":{"start":{"line":87,"column":6},"end":{"line":88,"column":22}},"type":"binary-expr","locations":[{"start":{"line":87,"column":6},"end":{"line":87,"column":64}},{"start":{"line":88,"column":6},"end":{"line":88,"column":22}}],"line":87},"5":{"loc":{"start":{"line":89,"column":11},"end":{"line":89,"column":null}},"type":"cond-expr","locations":[{"start":{"line":89,"column":19},"end":{"line":89,"column":48}},{"start":{"line":89,"column":51},"end":{"line":89,"column":null}}],"line":89},"6":{"loc":{"start":{"line":119,"column":6},"end":{"line":119,"column":23}},"type":"default-arg","locations":[{"start":{"line":119,"column":18},"end":{"line":119,"column":23}}],"line":119},"7":{"loc":{"start":{"line":120,"column":6},"end":{"line":120,"column":23}},"type":"default-arg","locations":[{"start":{"line":120,"column":18},"end":{"line":120,"column":23}}],"line":120},"8":{"loc":{"start":{"line":121,"column":6},"end":{"line":121,"column":27}},"type":"default-arg","locations":[{"start":{"line":121,"column":22},"end":{"line":121,"column":27}}],"line":121},"9":{"loc":{"start":{"line":135,"column":6},"end":{"line":137,"column":null}},"type":"if","locations":[{"start":{"line":135,"column":6},"end":{"line":137,"column":null}},{"start":{},"end":{}}],"line":135},"10":{"loc":{"start":{"line":135,"column":10},"end":{"line":135,"column":41}},"type":"binary-expr","locations":[{"start":{"line":135,"column":10},"end":{"line":135,"column":23}},{"start":{"line":135,"column":23},"end":{"line":135,"column":41}}],"line":135},"11":{"loc":{"start":{"line":140,"column":21},"end":{"line":140,"column":70}},"type":"binary-expr","locations":[{"start":{"line":140,"column":21},"end":{"line":140,"column":33}},{"start":{"line":140,"column":33},"end":{"line":140,"column":45}},{"start":{"line":140,"column":49},"end":{"line":140,"column":58}},{"start":{"line":140,"column":62},"end":{"line":140,"column":70}}],"line":140},"12":{"loc":{"start":{"line":143,"column":8},"end":{"line":145,"column":null}},"type":"cond-expr","locations":[{"start":{"line":144,"column":12},"end":{"line":144,"column":null}},{"start":{"line":145,"column":12},"end":{"line":145,"column":null}}],"line":143},"13":{"loc":{"start":{"line":143,"column":8},"end":{"line":143,"column":null}},"type":"binary-expr","locations":[{"start":{"line":143,"column":8},"end":{"line":143,"column":21}},{"start":{"line":143,"column":21},"end":{"line":143,"column":null}}],"line":143},"14":{"loc":{"start":{"line":144,"column":12},"end":{"line":144,"column":null}},"type":"binary-expr","locations":[{"start":{"line":144,"column":12},"end":{"line":144,"column":59}},{"start":{"line":144,"column":59},"end":{"line":144,"column":null}}],"line":144},"15":{"loc":{"start":{"line":147,"column":6},"end":{"line":153,"column":null}},"type":"if","locations":[{"start":{"line":147,"column":6},"end":{"line":153,"column":null}},{"start":{},"end":{}}],"line":147},"16":{"loc":{"start":{"line":155,"column":6},"end":{"line":157,"column":null}},"type":"if","locations":[{"start":{"line":155,"column":6},"end":{"line":157,"column":null}},{"start":{},"end":{}}],"line":155},"17":{"loc":{"start":{"line":170,"column":4},"end":{"line":172,"column":null}},"type":"if","locations":[{"start":{"line":170,"column":4},"end":{"line":172,"column":null}},{"start":{},"end":{}}],"line":170},"18":{"loc":{"start":{"line":170,"column":8},"end":{"line":170,"column":37}},"type":"binary-expr","locations":[{"start":{"line":170,"column":8},"end":{"line":170,"column":19}},{"start":{"line":170,"column":19},"end":{"line":170,"column":37}}],"line":170},"19":{"loc":{"start":{"line":174,"column":22},"end":{"line":174,"column":null}},"type":"binary-expr","locations":[{"start":{"line":174,"column":22},"end":{"line":174,"column":46}},{"start":{"line":174,"column":46},"end":{"line":174,"column":null}}],"line":174},"20":{"loc":{"start":{"line":184,"column":9},"end":{"line":184,"column":null}},"type":"cond-expr","locations":[{"start":{"line":184,"column":22},"end":{"line":184,"column":37}},{"start":{"line":184,"column":37},"end":{"line":184,"column":null}}],"line":184},"21":{"loc":{"start":{"line":187,"column":27},"end":{"line":187,"column":75}},"type":"binary-expr","locations":[{"start":{"line":187,"column":27},"end":{"line":187,"column":38}},{"start":{"line":187,"column":38},"end":{"line":187,"column":47}},{"start":{"line":187,"column":51},"end":{"line":187,"column":63}},{"start":{"line":187,"column":67},"end":{"line":187,"column":75}}],"line":187},"22":{"loc":{"start":{"line":189,"column":35},"end":{"line":189,"column":75}},"type":"binary-expr","locations":[{"start":{"line":189,"column":35},"end":{"line":189,"column":44}},{"start":{"line":189,"column":44},"end":{"line":189,"column":61}},{"start":{"line":189,"column":65},"end":{"line":189,"column":75}}],"line":189},"23":{"loc":{"start":{"line":196,"column":18},"end":{"line":196,"column":null}},"type":"binary-expr","locations":[{"start":{"line":196,"column":18},"end":{"line":196,"column":41}},{"start":{"line":196,"column":41},"end":{"line":196,"column":null}}],"line":196},"24":{"loc":{"start":{"line":199,"column":17},"end":{"line":241,"column":null}},"type":"cond-expr","locations":[{"start":{"line":200,"column":18},"end":{"line":200,"column":null}},{"start":{"line":200,"column":76},"end":{"line":241,"column":null}}],"line":199},"25":{"loc":{"start":{"line":199,"column":17},"end":{"line":199,"column":68}},"type":"binary-expr","locations":[{"start":{"line":199,"column":17},"end":{"line":199,"column":30}},{"start":{"line":199,"column":30},"end":{"line":199,"column":59}},{"start":{"line":199,"column":59},"end":{"line":199,"column":68}}],"line":199},"26":{"loc":{"start":{"line":203,"column":21},"end":{"line":222,"column":null}},"type":"cond-expr","locations":[{"start":{"line":203,"column":33},"end":{"line":206,"column":23}},{"start":{"line":206,"column":22},"end":{"line":222,"column":null}}],"line":203},"27":{"loc":{"start":{"line":206,"column":22},"end":{"line":222,"column":null}},"type":"binary-expr","locations":[{"start":{"line":206,"column":22},"end":{"line":206,"column":null}},{"start":{"line":206,"column":23},"end":{"line":222,"column":null}}],"line":206},"28":{"loc":{"start":{"line":215,"column":40},"end":{"line":215,"column":null}},"type":"binary-expr","locations":[{"start":{"line":215,"column":40},"end":{"line":215,"column":53}},{"start":{"line":215,"column":53},"end":{"line":215,"column":null}}],"line":215},"29":{"loc":{"start":{"line":230,"column":24},"end":{"line":230,"column":null}},"type":"cond-expr","locations":[{"start":{"line":230,"column":36},"end":{"line":230,"column":50}},{"start":{"line":230,"column":50},"end":{"line":230,"column":null}}],"line":230},"30":{"loc":{"start":{"line":234,"column":25},"end":{"line":234,"column":null}},"type":"cond-expr","locations":[{"start":{"line":234,"column":37},"end":{"line":234,"column":52}},{"start":{"line":234,"column":52},"end":{"line":234,"column":null}}],"line":234},"31":{"loc":{"start":{"line":236,"column":27},"end":{"line":236,"column":null}},"type":"binary-expr","locations":[{"start":{"line":236,"column":27},"end":{"line":236,"column":48}},{"start":{"line":236,"column":48},"end":{"line":236,"column":null}}],"line":236},"32":{"loc":{"start":{"line":239,"column":23},"end":{"line":241,"column":null}},"type":"binary-expr","locations":[{"start":{"line":239,"column":23},"end":{"line":239,"column":33}},{"start":{"line":239,"column":33},"end":{"line":241,"column":null}}],"line":239},"33":{"loc":{"start":{"line":268,"column":17},"end":{"line":268,"column":33}},"type":"default-arg","locations":[{"start":{"line":268,"column":28},"end":{"line":268,"column":33}}],"line":268},"34":{"loc":{"start":{"line":268,"column":44},"end":{"line":268,"column":68}},"type":"default-arg","locations":[{"start":{"line":268,"column":60},"end":{"line":268,"column":68}}],"line":268},"35":{"loc":{"start":{"line":273,"column":4},"end":{"line":275,"column":null}},"type":"if","locations":[{"start":{"line":273,"column":4},"end":{"line":275,"column":null}},{"start":{},"end":{}}],"line":273},"36":{"loc":{"start":{"line":282,"column":10},"end":{"line":282,"column":null}},"type":"cond-expr","locations":[{"start":{"line":282,"column":36},"end":{"line":282,"column":45}},{"start":{"line":282,"column":45},"end":{"line":282,"column":null}}],"line":282},"37":{"loc":{"start":{"line":287,"column":25},"end":{"line":287,"column":60}},"type":"binary-expr","locations":[{"start":{"line":287,"column":25},"end":{"line":287,"column":36}},{"start":{"line":287,"column":36},"end":{"line":287,"column":48}},{"start":{"line":287,"column":52},"end":{"line":287,"column":60}}],"line":287},"38":{"loc":{"start":{"line":297,"column":15},"end":{"line":304,"column":null}},"type":"cond-expr","locations":[{"start":{"line":297,"column":36},"end":{"line":300,"column":17}},{"start":{"line":300,"column":16},"end":{"line":304,"column":null}}],"line":297},"39":{"loc":{"start":{"line":297,"column":15},"end":{"line":297,"column":null}},"type":"binary-expr","locations":[{"start":{"line":297,"column":15},"end":{"line":297,"column":35}},{"start":{"line":297,"column":35},"end":{"line":297,"column":null}}],"line":297},"40":{"loc":{"start":{"line":323,"column":2},"end":{"line":325,"column":null}},"type":"if","locations":[{"start":{"line":323,"column":2},"end":{"line":325,"column":null}},{"start":{},"end":{}}],"line":323},"41":{"loc":{"start":{"line":323,"column":6},"end":{"line":323,"column":55}},"type":"binary-expr","locations":[{"start":{"line":323,"column":6},"end":{"line":323,"column":37}},{"start":{"line":323,"column":37},"end":{"line":323,"column":55}}],"line":323},"42":{"loc":{"start":{"line":328,"column":4},"end":{"line":332,"column":null}},"type":"cond-expr","locations":[{"start":{"line":331,"column":8},"end":{"line":331,"column":23}},{"start":{"line":332,"column":8},"end":{"line":332,"column":null}}],"line":328},"43":{"loc":{"start":{"line":328,"column":4},"end":{"line":330,"column":null}},"type":"binary-expr","locations":[{"start":{"line":328,"column":4},"end":{"line":328,"column":null}},{"start":{"line":329,"column":4},"end":{"line":329,"column":null}},{"start":{"line":330,"column":4},"end":{"line":330,"column":null}}],"line":328},"44":{"loc":{"start":{"line":336,"column":2},"end":{"line":349,"column":null}},"type":"if","locations":[{"start":{"line":336,"column":2},"end":{"line":349,"column":null}},{"start":{"line":341,"column":9},"end":{"line":349,"column":null}}],"line":336},"45":{"loc":{"start":{"line":337,"column":4},"end":{"line":338,"column":null}},"type":"binary-expr","locations":[{"start":{"line":337,"column":4},"end":{"line":337,"column":null}},{"start":{"line":338,"column":4},"end":{"line":338,"column":null}}],"line":337},"46":{"loc":{"start":{"line":341,"column":9},"end":{"line":349,"column":null}},"type":"if","locations":[{"start":{"line":341,"column":9},"end":{"line":349,"column":null}},{"start":{},"end":{}}],"line":341},"47":{"loc":{"start":{"line":342,"column":4},"end":{"line":344,"column":null}},"type":"binary-expr","locations":[{"start":{"line":342,"column":4},"end":{"line":342,"column":null}},{"start":{"line":343,"column":4},"end":{"line":343,"column":null}},{"start":{"line":344,"column":4},"end":{"line":344,"column":null}}],"line":342},"48":{"loc":{"start":{"line":351,"column":9},"end":{"line":353,"column":40}},"type":"cond-expr","locations":[{"start":{"line":352,"column":6},"end":{"line":352,"column":28}},{"start":{"line":353,"column":6},"end":{"line":353,"column":40}}],"line":351}},"s":{"0":0,"1":0,"2":0,"3":0,"4":0,"5":0,"6":0,"7":0,"8":0,"9":0,"10":0,"11":0,"12":0,"13":0,"14":0,"15":0,"16":0,"17":0,"18":0,"19":0,"20":0,"21":0,"22":0,"23":0,"24":0,"25":0,"26":0,"27":0,"28":0,"29":0,"30":0,"31":0,"32":0,"33":0,"34":0,"35":0,"36":0,"37":0,"38":0,"39":0,"40":0,"41":0,"42":0,"43":0,"44":0,"45":0,"46":0,"47":0,"48":0,"49":0,"50":0,"51":0,"52":0,"53":0,"54":0,"55":0,"56":0,"57":0,"58":0,"59":0,"60":0,"61":0,"62":0},"f":{"0":0,"1":0,"2":0,"3":0,"4":0,"5":0,"6":0,"7":0,"8":0,"9":0,"10":0,"11":0},"b":{"0":[0,0],"1":[0,0],"2":[0,0],"3":[0,0],"4":[0,0],"5":[0,0],"6":[0],"7":[0],"8":[0],"9":[0,0],"10":[0,0],"11":[0,0,0,0],"12":[0,0],"13":[0,0],"14":[0,0],"15":[0,0],"16":[0,0],"17":[0,0],"18":[0,0],"19":[0,0],"20":[0,0],"21":[0,0,0,0],"22":[0,0,0],"23":[0,0],"24":[0,0],"25":[0,0,0],"26":[0,0],"27":[0,0],"28":[0,0],"29":[0,0],"30":[0,0],"31":[0,0],"32":[0,0],"33":[0],"34":[0],"35":[0,0],"36":[0,0],"37":[0,0,0],"38":[0,0],"39":[0,0],"40":[0,0],"41":[0,0],"42":[0,0],"43":[0,0,0],"44":[0,0],"45":[0,0],"46":[0,0],"47":[0,0,0],"48":[0,0]},"meta":{"lastBranch":49,"lastFunction":12,"lastStatement":63,"seen":{"s:7:15:7:Infinity":0,"s:23:21:23:Infinity":1,"f:25:9:25:Infinity":0,"s:26:18:26:Infinity":2,"b:28:2:30:Infinity:undefined:undefined:undefined:undefined":0,"s:28:2:30:Infinity":3,"s:29:4:29:Infinity":4,"s:32:2:32:Infinity":5,"s:35:23:65:Infinity":6,"f:43:2:43:3":1,"s:44:19:44:Infinity":7,"s:45:18:45:61":8,"b:45:27:45:33:45:33:45:60":1,"s:47:2:60:Infinity":9,"s:66:0:66:Infinity":10,"s:68:19:99:Infinity":11,"f:68:19:68:20":2,"s:69:22:70:Infinity":12,"f:70:4:70:5":3,"s:70:21:70:49":13,"b:70:21:70:33:70:37:70:49":2,"b:73:2:75:Infinity:undefined:undefined:undefined:undefined":3,"s:73:2:75:Infinity":14,"s:74:4:74:Infinity":15,"s:77:2:96:Infinity":16,"f:82:12:82:13":4,"s:82:33:93:1":17,"f:85:7:85:8":5,"s:87:6:88:22":18,"b:87:6:87:64:88:6:88:22":4,"s:89:4:89:Infinity":19,"b:89:19:89:48:89:51:89:Infinity":5,"s:101:21:101:46":20,"s:103:28:253:Infinity":21,"f:114:2:114:Infinity":6,"b:119:18:119:23":6,"b:120:18:120:23":7,"b:121:22:121:27":8,"s:132:23:132:Infinity":22,"s:134:25:168:Infinity":23,"f:134:39:134:Infinity":7,"b:135:6:137:Infinity:undefined:undefined:undefined:undefined":9,"s:135:6:137:Infinity":24,"b:135:10:135:23:135:23:135:41":10,"s:136:8:136:Infinity":25,"s:139:21:139:Infinity":26,"s:140:18:140:71":27,"b:140:21:140:33:140:33:140:45:140:49:140:58:140:62:140:70":11,"s:141:25:141:Infinity":28,"s:143:8:145:Infinity":29,"b:144:12:144:Infinity:145:12:145:Infinity":12,"b:143:8:143:21:143:21:143:Infinity":13,"b:144:12:144:59:144:59:144:Infinity":14,"b:147:6:153:Infinity:undefined:undefined:undefined:undefined":15,"s:147:6:153:Infinity":30,"s:148:8:150:Infinity":31,"b:155:6:157:Infinity:undefined:undefined:undefined:undefined":16,"s:155:6:157:Infinity":32,"s:156:8:156:Infinity":33,"s:159:6:159:Infinity":34,"b:170:4:172:Infinity:undefined:undefined:undefined:undefined":17,"s:170:4:172:Infinity":35,"b:170:8:170:19:170:19:170:37":18,"s:171:6:171:Infinity":36,"s:174:22:174:Infinity":37,"b:174:22:174:46:174:46:174:Infinity":19,"s:176:4:249:Infinity":38,"b:184:22:184:37:184:37:184:Infinity":20,"f:186:23:186:24":8,"s:187:24:187:76":39,"b:187:27:187:38:187:38:187:47:187:51:187:63:187:67:187:75":21,"s:188:31:188:Infinity":40,"s:189:35:189:75":41,"b:189:35:189:44:189:44:189:61:189:65:189:75":22,"s:191:12:193:Infinity":42,"b:196:18:196:41:196:41:196:Infinity":23,"b:200:18:200:Infinity:200:76:241:Infinity":24,"b:199:17:199:30:199:30:199:59:199:59:199:68":25,"b:203:33:206:23:206:22:222:Infinity":26,"b:206:22:206:Infinity:206:23:222:Infinity":27,"b:215:40:215:53:215:53:215:Infinity":28,"b:230:36:230:50:230:50:230:Infinity":29,"b:234:37:234:52:234:52:234:Infinity":30,"b:236:27:236:48:236:48:236:Infinity":31,"b:239:23:239:33:239:33:241:Infinity":32,"s:255:0:255:Infinity":43,"s:257:20:257:44":44,"s:259:27:313:Infinity":45,"f:267:2:267:Infinity":9,"b:268:28:268:33":33,"b:268:60:268:68":34,"s:271:23:271:Infinity":46,"b:273:4:275:Infinity:undefined:undefined:undefined:undefined":35,"s:273:4:275:Infinity":47,"s:274:6:274:Infinity":48,"s:277:4:310:Infinity":49,"b:282:36:282:45:282:45:282:Infinity":36,"f:286:21:286:22":10,"s:287:22:287:61":50,"b:287:25:287:36:287:36:287:48:287:52:287:60":37,"s:288:29:288:Infinity":51,"s:290:10:292:Infinity":52,"b:297:36:300:17:300:16:304:Infinity":38,"b:297:15:297:35:297:35:297:Infinity":39,"s:315:0:315:Infinity":53,"f:318:9:318:Infinity":11,"b:323:2:325:Infinity:undefined:undefined:undefined:undefined":40,"s:323:2:325:Infinity":54,"b:323:6:323:37:323:37:323:55":41,"s:324:4:324:Infinity":55,"s:328:4:332:Infinity":56,"b:331:8:331:23:332:8:332:Infinity":42,"b:328:4:328:Infinity:329:4:329:Infinity:330:4:330:Infinity":43,"s:334:31:334:Infinity":57,"b:336:2:349:Infinity:341:9:349:Infinity":44,"s:336:2:349:Infinity":58,"b:337:4:337:Infinity:338:4:338:Infinity":45,"s:340:4:340:Infinity":59,"b:341:9:349:Infinity:undefined:undefined:undefined:undefined":46,"s:341:9:349:Infinity":60,"b:342:4:342:Infinity:343:4:343:Infinity:344:4:344:Infinity":47,"s:346:4:348:Infinity":61,"s:351:2:353:Infinity":62,"b:352:6:352:28:353:6:353:40":48}}}
,"/Users/ph/Documents/ph/sleep-cycle-zenith-planner/src/components/ui/checkbox.tsx": {"path":"/Users/ph/Documents/ph/sleep-cycle-zenith-planner/src/components/ui/checkbox.tsx","statementMap":{"0":{"start":{"line":7,"column":17},"end":{"line":22,"column":null}},"1":{"start":{"line":10,"column":28},"end":{"line":22,"column":null}},"2":{"start":{"line":26,"column":0},"end":{"line":26,"column":null}}},"fnMap":{"0":{"name":"(anonymous_0)","decl":{"start":{"line":10,"column":2},"end":{"line":10,"column":3}},"loc":{"start":{"line":10,"column":28},"end":{"line":22,"column":null}},"line":10}},"branchMap":{},"s":{"0":0,"1":0,"2":0},"f":{"0":0},"b":{},"meta":{"lastBranch":0,"lastFunction":1,"lastStatement":3,"seen":{"s:7:17:22:Infinity":0,"f:10:2:10:3":0,"s:10:28:22:Infinity":1,"s:26:0:26:Infinity":2}}}
,"/Users/ph/Documents/ph/sleep-cycle-zenith-planner/src/components/ui/collapsible.tsx": {"path":"/Users/ph/Documents/ph/sleep-cycle-zenith-planner/src/components/ui/collapsible.tsx","statementMap":{"0":{"start":{"line":3,"column":20},"end":{"line":3,"column":45}},"1":{"start":{"line":5,"column":27},"end":{"line":5,"column":66}},"2":{"start":{"line":7,"column":27},"end":{"line":7,"column":66}}},"fnMap":{},"branchMap":{},"s":{"0":0,"1":0,"2":0},"f":{},"b":{},"meta":{"lastBranch":0,"lastFunction":0,"lastStatement":3,"seen":{"s:3:20:3:45":0,"s:5:27:5:66":1,"s:7:27:7:66":2}}}
,"/Users/ph/Documents/ph/sleep-cycle-zenith-planner/src/components/ui/command.tsx": {"path":"/Users/ph/Documents/ph/sleep-cycle-zenith-planner/src/components/ui/command.tsx","statementMap":{"0":{"start":{"line":9,"column":16},"end":{"line":19,"column":null}},"1":{"start":{"line":12,"column":28},"end":{"line":19,"column":null}},"2":{"start":{"line":22,"column":0},"end":{"line":22,"column":null}},"3":{"start":{"line":26,"column":22},"end":{"line":36,"column":null}},"4":{"start":{"line":27,"column":2},"end":{"line":31,"column":null}},"5":{"start":{"line":38,"column":21},"end":{"line":50,"column":null}},"6":{"start":{"line":41,"column":28},"end":{"line":50,"column":null}},"7":{"start":{"line":55,"column":0},"end":{"line":55,"column":null}},"8":{"start":{"line":57,"column":20},"end":{"line":64,"column":null}},"9":{"start":{"line":60,"column":28},"end":{"line":64,"column":null}},"10":{"start":{"line":68,"column":0},"end":{"line":68,"column":null}},"11":{"start":{"line":70,"column":21},"end":{"line":77,"column":null}},"12":{"start":{"line":73,"column":10},"end":{"line":77,"column":null}},"13":{"start":{"line":81,"column":0},"end":{"line":81,"column":null}},"14":{"start":{"line":83,"column":21},"end":{"line":93,"column":null}},"15":{"start":{"line":86,"column":28},"end":{"line":93,"column":null}},"16":{"start":{"line":97,"column":0},"end":{"line":97,"column":null}},"17":{"start":{"line":99,"column":25},"end":{"line":106,"column":null}},"18":{"start":{"line":102,"column":28},"end":{"line":106,"column":null}},"19":{"start":{"line":109,"column":0},"end":{"line":109,"column":null}},"20":{"start":{"line":111,"column":20},"end":{"line":121,"column":null}},"21":{"start":{"line":114,"column":28},"end":{"line":121,"column":null}},"22":{"start":{"line":125,"column":0},"end":{"line":125,"column":null}},"23":{"start":{"line":127,"column":24},"end":{"line":140,"column":null}},"24":{"start":{"line":131,"column":2},"end":{"line":137,"column":null}},"25":{"start":{"line":141,"column":0},"end":{"line":141,"column":null}}},"fnMap":{"0":{"name":"(anonymous_0)","decl":{"start":{"line":12,"column":2},"end":{"line":12,"column":3}},"loc":{"start":{"line":12,"column":28},"end":{"line":19,"column":null}},"line":12},"1":{"name":"(anonymous_1)","decl":{"start":{"line":26,"column":22},"end":{"line":26,"column":23}},"loc":{"start":{"line":26,"column":65},"end":{"line":36,"column":null}},"line":26},"2":{"name":"(anonymous_2)","decl":{"start":{"line":41,"column":2},"end":{"line":41,"column":3}},"loc":{"start":{"line":41,"column":28},"end":{"line":50,"column":null}},"line":41},"3":{"name":"(anonymous_3)","decl":{"start":{"line":60,"column":2},"end":{"line":60,"column":3}},"loc":{"start":{"line":60,"column":28},"end":{"line":64,"column":null}},"line":60},"4":{"name":"(anonymous_4)","decl":{"start":{"line":73,"column":2},"end":{"line":73,"column":3}},"loc":{"start":{"line":73,"column":10},"end":{"line":77,"column":null}},"line":73},"5":{"name":"(anonymous_5)","decl":{"start":{"line":86,"column":2},"end":{"line":86,"column":3}},"loc":{"start":{"line":86,"column":28},"end":{"line":93,"column":null}},"line":86},"6":{"name":"(anonymous_6)","decl":{"start":{"line":102,"column":2},"end":{"line":102,"column":3}},"loc":{"start":{"line":102,"column":28},"end":{"line":106,"column":null}},"line":102},"7":{"name":"(anonymous_7)","decl":{"start":{"line":114,"column":2},"end":{"line":114,"column":3}},"loc":{"start":{"line":114,"column":28},"end":{"line":121,"column":null}},"line":114},"8":{"name":"(anonymous_8)","decl":{"start":{"line":127,"column":24},"end":{"line":127,"column":25}},"loc":{"start":{"line":130,"column":40},"end":{"line":140,"column":null}},"line":130}},"branchMap":{},"s":{"0":0,"1":0,"2":0,"3":0,"4":0,"5":0,"6":0,"7":0,"8":0,"9":0,"10":0,"11":0,"12":0,"13":0,"14":0,"15":0,"16":0,"17":0,"18":0,"19":0,"20":0,"21":0,"22":0,"23":0,"24":0,"25":0},"f":{"0":0,"1":0,"2":0,"3":0,"4":0,"5":0,"6":0,"7":0,"8":0},"b":{},"meta":{"lastBranch":0,"lastFunction":9,"lastStatement":26,"seen":{"s:9:16:19:Infinity":0,"f:12:2:12:3":0,"s:12:28:19:Infinity":1,"s:22:0:22:Infinity":2,"s:26:22:36:Infinity":3,"f:26:22:26:23":1,"s:27:2:31:Infinity":4,"s:38:21:50:Infinity":5,"f:41:2:41:3":2,"s:41:28:50:Infinity":6,"s:55:0:55:Infinity":7,"s:57:20:64:Infinity":8,"f:60:2:60:3":3,"s:60:28:64:Infinity":9,"s:68:0:68:Infinity":10,"s:70:21:77:Infinity":11,"f:73:2:73:3":4,"s:73:10:77:Infinity":12,"s:81:0:81:Infinity":13,"s:83:21:93:Infinity":14,"f:86:2:86:3":5,"s:86:28:93:Infinity":15,"s:97:0:97:Infinity":16,"s:99:25:106:Infinity":17,"f:102:2:102:3":6,"s:102:28:106:Infinity":18,"s:109:0:109:Infinity":19,"s:111:20:121:Infinity":20,"f:114:2:114:3":7,"s:114:28:121:Infinity":21,"s:125:0:125:Infinity":22,"s:127:24:140:Infinity":23,"f:127:24:127:25":8,"s:131:2:137:Infinity":24,"s:141:0:141:Infinity":25}}}
,"/Users/ph/Documents/ph/sleep-cycle-zenith-planner/src/components/ui/context-menu.tsx": {"path":"/Users/ph/Documents/ph/sleep-cycle-zenith-planner/src/components/ui/context-menu.tsx","statementMap":{"0":{"start":{"line":7,"column":20},"end":{"line":7,"column":45}},"1":{"start":{"line":9,"column":27},"end":{"line":9,"column":55}},"2":{"start":{"line":11,"column":25},"end":{"line":11,"column":51}},"3":{"start":{"line":13,"column":26},"end":{"line":13,"column":53}},"4":{"start":{"line":15,"column":23},"end":{"line":15,"column":47}},"5":{"start":{"line":17,"column":30},"end":{"line":17,"column":61}},"6":{"start":{"line":19,"column":30},"end":{"line":35,"column":null}},"7":{"start":{"line":24,"column":45},"end":{"line":35,"column":null}},"8":{"start":{"line":38,"column":0},"end":{"line":38,"column":null}},"9":{"start":{"line":40,"column":30},"end":{"line":50,"column":null}},"10":{"start":{"line":43,"column":28},"end":{"line":50,"column":null}},"11":{"start":{"line":53,"column":0},"end":{"line":53,"column":null}},"12":{"start":{"line":55,"column":27},"end":{"line":66,"column":null}},"13":{"start":{"line":58,"column":28},"end":{"line":66,"column":null}},"14":{"start":{"line":70,"column":0},"end":{"line":70,"column":null}},"15":{"start":{"line":72,"column":24},"end":{"line":85,"column":null}},"16":{"start":{"line":77,"column":35},"end":{"line":85,"column":null}},"17":{"start":{"line":88,"column":0},"end":{"line":88,"column":null}},"18":{"start":{"line":90,"column":32},"end":{"line":108,"column":null}},"19":{"start":{"line":93,"column":47},"end":{"line":108,"column":null}},"20":{"start":{"line":111,"column":0},"end":{"line":112,"column":null}},"21":{"start":{"line":114,"column":29},"end":{"line":131,"column":null}},"22":{"start":{"line":117,"column":38},"end":{"line":131,"column":null}},"23":{"start":{"line":134,"column":0},"end":{"line":134,"column":null}},"24":{"start":{"line":136,"column":25},"end":{"line":149,"column":null}},"25":{"start":{"line":141,"column":35},"end":{"line":149,"column":null}},"26":{"start":{"line":152,"column":0},"end":{"line":152,"column":null}},"27":{"start":{"line":154,"column":29},"end":{"line":161,"column":null}},"28":{"start":{"line":157,"column":28},"end":{"line":161,"column":null}},"29":{"start":{"line":164,"column":0},"end":
[...]
:null}},"31":{"start":{"line":67,"column":4},"end":{"line":67,"column":null}},"32":{"start":{"line":68,"column":4},"end":{"line":68,"column":null}},"33":{"start":{"line":72,"column":2},"end":{"line":79,"column":null}},"34":{"start":{"line":73,"column":4},"end":{"line":78,"column":null}},"35":{"start":{"line":81,"column":2},"end":{"line":81,"column":null}},"36":{"start":{"line":85,"column":43},"end":{"line":97,"column":null}},"37":{"start":{"line":86,"column":22},"end":{"line":86,"column":null}},"38":{"start":{"line":87,"column":27},"end":{"line":87,"column":null}},"39":{"start":{"line":89,"column":2},"end":{"line":89,"column":null}},"40":{"start":{"line":92,"column":2},"end":{"line":94,"column":null}},"41":{"start":{"line":93,"column":4},"end":{"line":93,"column":null}},"42":{"start":{"line":96,"column":2},"end":{"line":96,"column":null}}},"fnMap":{"0":{"name":"(anonymous_0)","decl":{"start":{"line":3,"column":45},"end":{"line":3,"column":null}},"loc":{"start":{"line":3,"column":45},"end":{"line":16,"column":null}},"line":3},"1":{"name":"(anonymous_1)","decl":{"start":{"line":19,"column":41},"end":{"line":19,"column":null}},"loc":{"start":{"line":19,"column":41},"end":{"line":21,"column":null}},"line":19},"2":{"name":"(anonymous_2)","decl":{"start":{"line":24,"column":41},"end":{"line":24,"column":null}},"loc":{"start":{"line":24,"column":41},"end":{"line":29,"column":null}},"line":24},"3":{"name":"(anonymous_3)","decl":{"start":{"line":32,"column":32},"end":{"line":32,"column":null}},"loc":{"start":{"line":34,"column":2},"end":{"line":47,"column":null}},"line":34},"4":{"name":"(anonymous_4)","decl":{"start":{"line":50,"column":37},"end":{"line":50,"column":null}},"loc":{"start":{"line":52,"column":36},"end":{"line":82,"column":null}},"line":52},"5":{"name":"(anonymous_5)","decl":{"start":{"line":72,"column":13},"end":{"line":72,"column":null}},"loc":{"start":{"line":72,"column":13},"end":{"line":79,"column":5}},"line":72},"6":{"name":"(anonymous_6)","decl":{"start":{"line":85,"column":43},"end":{"line":85,"column":44}},"loc":{"start":{"line":85,"column":95},"end":{"line":97,"column":null}},"line":85}},"branchMap":{"0":{"loc":{"start":{"line":4,"column":2},"end":{"line":7,"column":null}},"type":"if","locations":[{"start":{"line":4,"column":2},"end":{"line":7,"column":null}},{"start":{},"end":{}}],"line":4},"1":{"loc":{"start":{"line":25,"column":2},"end":{"line":27,"column":null}},"type":"if","locations":[{"start":{"line":25,"column":2},"end":{"line":27,"column":null}},{"start":{},"end":{}}],"line":25},"2":{"loc":{"start":{"line":36,"column":2},"end":{"line":38,"column":null}},"type":"if","locations":[{"start":{"line":36,"column":2},"end":{"line":38,"column":null}},{"start":{},"end":{}}],"line":36},"3":{"loc":{"start":{"line":36,"column":6},"end":{"line":36,"column":77}},"type":"binary-expr","locations":[{"start":{"line":36,"column":6},"end":{"line":36,"column":38}},{"start":{"line":36,"column":38},"end":{"line":36,"column":77}}],"line":36},"4":{"loc":{"start":{"line":52,"column":2},"end":{"line":52,"column":36}},"type":"default-arg","locations":[{"start":{"line":52,"column":34},"end":{"line":52,"column":36}}],"line":52},"5":{"loc":{"start":{"line":54,"column":2},"end":{"line":57,"column":null}},"type":"if","locations":[{"start":{"line":54,"column":2},"end":{"line":57,"column":null}},{"start":{},"end":{}}],"line":54},"6":{"loc":{"start":{"line":54,"column":6},"end":{"line":54,"column":77}},"type":"binary-expr","locations":[{"start":{"line":54,"column":6},"end":{"line":54,"column":38}},{"start":{"line":54,"column":38},"end":{"line":54,"column":77}}],"line":54},"7":{"loc":{"start":{"line":66,"column":2},"end":{"line":69,"column":null}},"type":"if","locations":[{"start":{"line":66,"column":2},"end":{"line":69,"column":null}},{"start":{},"end":{}}],"line":66},"8":{"loc":{"start":{"line":85,"column":61},"end":{"line":85,"column":95}},"type":"default-arg","locations":[{"start":{"line":85,"column":93},"end":{"line":85,"column":95}}],"line":85},"9":{"loc":{"start":{"line":92,"column":2},"end":{"line":94,"column":null}},"type":"if","locations":[{"start":{"line":92,"column":2},"end":{"line":94,"column":null}},{"start":{},"end":{}}],"line":92}},"s":{"0":0,"1":0,"2":0,"3":0,"4":0,"5":0,"6":0,"7":0,"8":0,"9":0,"10":0,"11":0,"12":0,"13":0,"14":0,"15":0,"16":0,"17":0,"18":0,"19":0,"20":0,"21":0,"22":0,"23":0,"24":0,"25":0,"26":0,"27":0,"28":0,"29":0,"30":0,"31":0,"32":0,"33":0,"34":0,"35":0,"36":0,"37":0,"38":0,"39":0,"40":0,"41":0,"42":0},"f":{"0":0,"1":0,"2":0,"3":0,"4":0,"5":0,"6":0},"b":{"0":[0,0],"1":[0,0],"2":[0,0],"3":[0,0],"4":[0],"5":[0,0],"6":[0,0],"7":[0,0],"8":[0],"9":[0,0]},"meta":{"lastBranch":10,"lastFunction":7,"lastStatement":43,"seen":{"s:3:45:16:Infinity":0,"f:3:45:3:Infinity":0,"b:4:2:7:Infinity:undefined:undefined:undefined:undefined":0,"s:4:2:7:Infinity":1,"s:5:4:5:Infinity":2,"s:6:4:6:Infinity":3,"s:9:2:15:Infinity":4,"s:10:23:10:Infinity":5,"s:11:4:11:Infinity":6,"s:13:4:13:Infinity":7,"s:14:4:14:Infinity":8,"s:19:41:21:Infinity":9,"f:19:41:19:Infinity":1,"s:20:2:20:Infinity":10,"s:24:41:29:Infinity":11,"f:24:41:24:Infinity":2,"b:25:2:27:Infinity:undefined:undefined:undefined:undefined":1,"s:25:2:27:Infinity":12,"s:26:4:26:Infinity":13,"s:28:2:28:Infinity":14,"s:32:32:47:Infinity":15,"f:32:32:32:Infinity":3,"b:36:2:38:Infinity:undefined:undefined:undefined:undefined":2,"s:36:2:38:Infinity":16,"b:36:6:36:38:36:38:36:77":3,"s:37:4:37:Infinity":17,"s:40:2:46:Infinity":18,"s:42:4:42:Infinity":19,"s:44:4:44:Infinity":20,"s:45:4:45:Infinity":21,"s:50:37:82:Infinity":22,"f:50:37:50:Infinity":4,"b:52:34:52:36":4,"b:54:2:57:Infinity:undefined:undefined:undefined:undefined":5,"s:54:2:57:Infinity":23,"b:54:6:54:38:54:38:54:77":6,"s:55:4:55:Infinity":24,"s:56:4:56:Infinity":25,"s:60:23:60:Infinity":26,"s:61:2:61:Infinity":27,"s:63:14:63:Infinity":28,"s:64:28:64:Infinity":29,"b:66:2:69:Infinity:undefined:undefined:undefined:undefined":7,"s:66:2:69:Infinity":30,"s:67:4:67:Infinity":31,"s:68:4:68:Infinity":32,"s:72:2:79:Infinity":33,"f:72:13:72:Infinity":5,"s:73:4:78:Infinity":34,"s:81:2:81:Infinity":35,"s:85:43:97:Infinity":36,"f:85:43:85:44":6,"b:85:93:85:95":8,"s:86:22:86:Infinity":37,"s:87:27:87:Infinity":38,"s:89:2:89:Infinity":39,"b:92:2:94:Infinity:undefined:undefined:undefined:undefined":9,"s:92:2:94:Infinity":40,"s:93:4:93:Infinity":41,"s:96:2:96:Infinity":42}}}
,"/Users/ph/Documents/ph/sleep-cycle-zenith-planner/src/utils/pwaUtils.ts": {"path":"/Users/ph/Documents/ph/sleep-cycle-zenith-planner/src/utils/pwaUtils.ts","statementMap":{"0":{"start":{"line":2,"column":27},"end":{"line":14,"column":null}},"1":{"start":{"line":3,"column":2},"end":{"line":13,"column":null}},"2":{"start":{"line":4,"column":4},"end":{"line":12,"column":null}},"3":{"start":{"line":5,"column":6},"end":{"line":11,"column":null}},"4":{"start":{"line":7,"column":10},"end":{"line":7,"column":null}},"5":{"start":{"line":10,"column":10},"end":{"line":10,"column":null}},"6":{"start":{"line":17,"column":30},"end":{"line":20,"column":null}},"7":{"start":{"line":18,"column":2},"end":{"line":19,"column":null}},"8":{"start":{"line":23,"column":33},"end":{"line":39,"column":null}},"9":{"start":{"line":28,"column":2},"end":{"line":28,"column":null}},"10":{"start":{"line":31,"column":2},"end":{"line":38,"column":null}},"11":{"start":{"line":32,"column":4},"end":{"line":37,"column":null}},"12":{"start":{"line":33,"column":6},"end":{"line":33,"column":null}},"13":{"start":{"line":34,"column":6},"end":{"line":34,"column":null}},"14":{"start":{"line":36,"column":6},"end":{"line":36,"column":null}}},"fnMap":{"0":{"name":"(anonymous_0)","decl":{"start":{"line":2,"column":27},"end":{"line":2,"column":null}},"loc":{"start":{"line":2,"column":27},"end":{"line":14,"column":null}},"line":2},"1":{"name":"(anonymous_1)","decl":{"start":{"line":4,"column":36},"end":{"line":4,"column":null}},"loc":{"start":{"line":4,"column":36},"end":{"line":12,"column":null}},"line":4},"2":{"name":"(anonymous_2)","decl":{"start":{"line":6,"column":14},"end":{"line":6,"column":null}},"loc":{"start":{"line":6,"column":14},"end":{"line":8,"column":null}},"line":6},"3":{"name":"(anonymous_3)","decl":{"start":{"line":9,"column":15},"end":{"line":9,"column":null}},"loc":{"start":{"line":9,"column":15},"end":{"line":11,"column":null}},"line":9},"4":{"name":"(anonymous_4)","decl":{"start":{"line":17,"column":30},"end":{"line":17,"column":null}},"loc":{"start":{"line":17,"column":30},"end":{"line":20,"column":null}},"line":17},"5":{"name":"(anonymous_5)","decl":{"start":{"line":23,"column":33},"end":{"line":23,"column":null}},"loc":{"start":{"line":25,"column":2},"end":{"line":39,"column":null}},"line":25},"6":{"name":"(anonymous_6)","decl":{"start":{"line":31,"column":33},"end":{"line":31,"column":null}},"loc":{"start":{"line":31,"column":33},"end":{"line":38,"column":null}},"line":31}},"branchMap":{"0":{"loc":{"start":{"line":3,"column":2},"end":{"line":13,"column":null}},"type":"if","locations":[{"start":{"line":3,"column":2},"end":{"line":13,"column":null}},{"start":{},"end":{}}],"line":3},"1":{"loc":{"start":{"line":18,"column":9},"end":{"line":19,"column":null}},"type":"binary-expr","locations":[{"start":{"line":18,"column":9},"end":{"line":18,"column":64}},{"start":{"line":19,"column":9},"end":{"line":19,"column":null}}],"line":18},"2":{"loc":{"start":{"line":32,"column":4},"end":{"line":37,"column":null}},"type":"if","locations":[{"start":{"line":32,"column":4},"end":{"line":37,"column":null}},{"start":{"line":35,"column":11},"end":{"line":37,"column":null}}],"line":32}},"s":{"0":0,"1":0,"2":0,"3":0,"4":0,"5":0,"6":0,"7":0,"8":0,"9":0,"10":0,"11":0,"12":0,"13":0,"14":0},"f":{"0":0,"1":0,"2":0,"3":0,"4":0,"5":0,"6":0},"b":{"0":[0,0],"1":[0,0],"2":[0,0]},"meta":{"lastBranch":3,"lastFunction":7,"lastStatement":15,"seen":{"s:2:27:14:Infinity":0,"f:2:27:2:Infinity":0,"b:3:2:13:Infinity:undefined:undefined:undefined:undefined":0,"s:3:2:13:Infinity":1,"s:4:4:12:Infinity":2,"f:4:36:4:Infinity":1,"s:5:6:11:Infinity":3,"f:6:14:6:Infinity":2,"s:7:10:7:Infinity":4,"f:9:15:9:Infinity":3,"s:10:10:10:Infinity":5,"s:17:30:20:Infinity":6,"f:17:30:17:Infinity":4,"s:18:2:19:Infinity":7,"b:18:9:18:64:19:9:19:Infinity":1,"s:23:33:39:Infinity":8,"f:23:33:23:Infinity":5,"s:28:2:28:Infinity":9,"s:31:2:38:Infinity":10,"f:31:33:31:Infinity":6,"b:32:4:37:Infinity:35:11:37:Infinity":2,"s:32:4:37:Infinity":11,"s:33:6:33:Infinity":12,"s:34:6:34:Infinity":13,"s:36:6:36:Infinity":14}}}
,"/Users/ph/Documents/ph/sleep-cycle-zenith-planner/src/utils/sleepCycleUtils.ts": {"path":"/Users/ph/Documents/ph/sleep-cycle-zenith-planner/src/utils/sleepCycleUtils.ts","statementMap":{"0":{"start":{"line":3,"column":29},"end":{"line":3,"column":null}},"1":{"start":{"line":6,"column":26},"end":{"line":8,"column":null}},"2":{"start":{"line":7,"column":2},"end":{"line":7,"column":null}},"3":{"start":{"line":10,"column":31},"end":{"line":18,"column":null}},"4":{"start":{"line":11,"column":14},"end":{"line":11,"column":null}},"5":{"start":{"line":12,"column":27},"end":{"line":12,"column":null}},"6":{"start":{"line":14,"column":15},"end":{"line":14,"column":null}},"7":{"start":{"line":15,"column":2},"end":{"line":15,"column":null}},"8":{"start":{"line":17,"column":2},"end":{"line":17,"column":null}},"9":{"start":{"line":21,"column":36},"end":{"line":30,"column":null}},"10":{"start":{"line":23,"column":13},"end":{"line":23,"column":null}},"11":{"start":{"line":25,"column":2},"end":{"line":27,"column":null}},"12":{"start":{"line":26,"column":4},"end":{"line":26,"column":21}},"13":{"start":{"line":29,"column":2},"end":{"line":29,"column":null}},"14":{"start":{"line":33,"column":36},"end":{"line":74,"column":null}},"15":{"start":{"line":45,"column":22},"end":{"line":45,"column":null}},"16":{"start":{"line":46,"column":21},"end":{"line":46,"column":null}},"17":{"start":{"line":49,"column":26},"end":{"line":49,"column":null}},"18":{"start":{"line":52,"column":28},"end":{"line":52,"column":null}},"19":{"start":{"line":55,"column":25},"end":{"line":55,"column":null}},"20":{"start":{"line":58,"column":27},"end":{"line":58,"column":null}},"21":{"start":{"line":59,"column":23},"end":{"line":59,"column":null}},"22":{"start":{"line":62,"column":28},"end":{"line":62,"column":null}},"23":{"start":{"line":63,"column":26},"end":{"line":63,"column":null}},"24":{"start":{"line":66,"column":30},"end":{"line":66,"column":null}},"25":{"start":{"line":68,"column":2},"end":{"line":73,"column":null}},"26":{"start":{"line":77,"column":38},"end":{"line":103,"column":null}},"27":{"start":{"line":83,"column":21},"end":{"line":83,"column":null}},"28":{"start":{"line":84,"column":31},"end":{"line":84,"column":33}},"29":{"start":{"line":86,"column":2},"end":{"line":100,"column":null}},"30":{"start":{"line":86,"column":20},"end":{"line":86,"column":37}},"31":{"start":{"line":88,"column":30},"end":{"line":88,"column":null}},"32":{"start":{"line":91,"column":32},"end":{"line":92,"column":null}},"33":{"start":{"line":95,"column":25},"end":{"line":96,"column":null}},"34":{"start":{"line":99,"column":4},"end":{"line":99,"column":null}},"35":{"start":{"line":102,"column":2},"end":{"line":102,"column":null}},"36":{"start":{"line":106,"column":41},"end":{"line":129,"column":null}},"37":{"start":{"line":112,"column":22},"end":{"line":112,"column":null}},"38":{"start":{"line":113,"column":26},"end":{"line":113,"column":null}},"39":{"start":{"line":114,"column":31},"end":{"line":114,"column":33}},"40":{"start":{"line":116,"column":2},"end":{"line":126,"column":null}},"41":{"start":{"line":116,"column":20},"end":{"line":116,"column":23}},"42":{"start":{"line":118,"column":30},"end":{"line":118,"column":null}},"43":{"start":{"line":121,"column":28},"end":{"line":122,"column":null}},"44":{"start":{"line":125,"column":4},"end":{"line":125,"column":null}},"45":{"start":{"line":128,"column":2},"end":{"line":128,"column":null}},"46":{"start":{"line":132,"column":45},"end":{"line":144,"column":null}},"47":{"start":{"line":136,"column":14},"end":{"line":136,"column":null}},"48":{"start":{"line":137,"column":27},"end":{"line":137,"column":null}},"49":{"start":{"line":140,"column":30},"end":{"line":140,"column":null}},"50":{"start":{"line":143,"column":2},"end":{"line":143,"column":null}}},"fnMap":{"0":{"name":"(anonymous_0)","decl":{"start":{"line":6,"column":26},"end":{"line":6,"column":27}},"loc":{"start":{"line":6,"column":27},"end":{"line":8,"column":null}},"line":6},"1":{"name":"(anonymous_1)","decl":{"start":{"line":10,"column":31},"end":{"line":10,"column":32}},"loc":{"start":{"line":10,"column":32},"end":{"line":18,"column":null}},"line":10},"2":{"name":"(anonymous_2)","decl":{"start":{"line":21,"column":36},"end":{"line":21,"column":37}},"loc":{"start":{"line":21,"column":54},"end":{"line":30,"column":null}},"line":21},"3":{"name":"(anonymous_3)","decl":{"start":{"line":33,"column":36},"end":{"line":33,"column":null}},"loc":{"start":{"line":37,"column":51},"end":{"line":74,"column":null}},"line":37},"4":{"name":"(anonymous_4)","decl":{"start":{"line":77,"column":38},"end":{"line":77,"column":null}},"loc":{"start":{"line":81,"column":29},"end":{"line":103,"column":null}},"line":81},"5":{"name":"(anonymous_5)","decl":{"start":{"line":106,"column":41},"end":{"line":106,"column":null}},"loc":{"start":{"line":110,"column":29},"end":{"line":129,"column":null}},"line":110},"6":{"name":"(anonymous_6)","decl":{"start":{"line":132,"column":45},"end":{"line":132,"column":null}},"loc":{"start":{"line":134,"column":35},"end":{"line":144,"column":null}},"line":134}},"branchMap":{"0":{"loc":{"start":{"line":25,"column":2},"end":{"line":27,"column":null}},"type":"if","locations":[{"start":{"line":25,"column":2},"end":{"line":27,"column":null}},{"start":{},"end":{}}],"line":25},"1":{"loc":{"start":{"line":36,"column":2},"end":{"line":36,"column":29}},"type":"default-arg","locations":[{"start":{"line":36,"column":27},"end":{"line":36,"column":29}}],"line":36},"2":{"loc":{"start":{"line":37,"column":2},"end":{"line":37,"column":51}},"type":"default-arg","locations":[{"start":{"line":37,"column":31},"end":{"line":37,"column":51}}],"line":37},"3":{"loc":{"start":{"line":79,"column":2},"end":{"line":79,"column":29}},"type":"default-arg","locations":[{"start":{"line":79,"column":27},"end":{"line":79,"column":29}}],"line":79},"4":{"loc":{"start":{"line":80,"column":2},"end":{"line":80,"column":51}},"type":"default-arg","locations":[{"start":{"line":80,"column":31},"end":{"line":80,"column":51}}],"line":80},"5":{"loc":{"start":{"line":81,"column":2},"end":{"line":81,"column":29}},"type":"default-arg","locations":[{"start":{"line":81,"column":28},"end":{"line":81,"column":29}}],"line":81},"6":{"loc":{"start":{"line":108,"column":2},"end":{"line":108,"column":29}},"type":"default-arg","locations":[{"start":{"line":108,"column":27},"end":{"line":108,"column":29}}],"line":108},"7":{"loc":{"start":{"line":109,"column":2},"end":{"line":109,"column":51}},"type":"default-arg","locations":[{"start":{"line":109,"column":31},"end":{"line":109,"column":51}}],"line":109},"8":{"loc":{"start":{"line":110,"column":2},"end":{"line":110,"column":29}},"type":"default-arg","locations":[{"start":{"line":110,"column":28},"end":{"line":110,"column":29}}],"line":110},"9":{"loc":{"start":{"line":134,"column":2},"end":{"line":134,"column":35}},"type":"default-arg","locations":[{"start":{"line":134,"column":33},"end":{"line":134,"column":35}}],"line":134},"10":{"loc":{"start":{"line":143,"column":9},"end":{"line":143,"column":null}},"type":"binary-expr","locations":[{"start":{"line":143,"column":9},"end":{"line":143,"column":56}},{"start":{"line":143,"column":56},"end":{"line":143,"column":null}}],"line":143}},"s":{"0":1,"1":1,"2":27,"3":1,"4":22,"5":22,"6":22,"7":22,"8":22,"9":1,"10":12,"11":12,"12":7,"13":12,"14":1,"15":5,"16":5,"17":5,"18":5,"19":5,"20":5,"21":5,"22":5,"23":5,"24":5,"25":5,"26":1,"27":3,"28":3,"29":3,"30":3,"31":13,"32":13,"33":13,"34":13,"35":3,"36":1,"37":2,"38":2,"39":2,"40":2,"41":2,"42":8,"43":8,"44":8,"45":2,"46":1,"47":4,"48":4,"49":4,"50":4},"f":{"0":27,"1":22,"2":12,"3":5,"4":3,"5":2,"6":4},"b":{"0":[7,5],"1":[5],"2":[5],"3":[3],"4":[3],"5":[3],"6":[2],"7":[2],"8":[2],"9":[4],"10":[4,2]},"meta":{"lastBranch":11,"lastFunction":7,"lastStatement":51,"seen":{"s:3:29:3:Infinity":0,"s:6:26:8:Infinity":1,"f:6:26:6:27":0,"s:7:2:7:Infinity":2,"s:10:31:18:Infinity":3,"f:10:31:10:32":1,"s:11:14:11:Infinity":4,"s:12:27:12:Infinity":5,"s:14:15:14:Infinity":6,"s:15:2:15:Infinity":7,"s:17:2:17:Infinity":8,"s:21:36:30:Infinity":9,"f:21:36:21:37":2,"s:23:13:23:Infinity":10,"b:25:2:27:Infinity:undefined:undefined:undefined:undefined":0,"s:25:2:27:Infinity":11,"s:26:4:26:21":12,"s:29:2:29:Infinity":13,"s:33:36:74:Infinity":14,"f:33:36:33:Infinity":3,"b:36:27:36:29":1,"b:37:31:37:51":2,"s:45:22:45:Infinity":15,"s:46:21:46:Infinity":16,"s:49:26:49:Infinity":17,"s:52:28:52:Infinity":18,"s:55:25:55:Infinity":19,"s:58:27:58:Infinity":20,"s:59:23:59:Infinity":21,"s:62:28:62:Infinity":22,"s:63:26:63:Infinity":23,"s:66:30:66:Infinity":24,"s:68:2:73:Infinity":25,"s:77:38:103:Infinity":26,"f:77:38:77:Infinity":4,"b:79:27:79:29":3,"b:80:31:80:51":4,"b:81:28:81:29":5,"s:83:21:83:Infinity":27,"s:84:31:84:33":28,"s:86:2:100:Infinity":29,"s:86:20:86:37":30,"s:88:30:88:Infinity":31,"s:91:32:92:Infinity":32,"s:95:25:96:Infinity":33,"s:99:4:99:Infinity":34,"s:102:2:102:Infinity":35,"s:106:41:129:Infinity":36,"f:106:41:106:Infinity":5,"b:108:27:108:29":6,"b:109:31:109:51":7,"b:110:28:110:29":8,"s:112:22:112:Infinity":37,"s:113:26:113:Infinity":38,"s:114:31:114:33":39,"s:116:2:126:Infinity":40,"s:116:20:116:23":41,"s:118:30:118:Infinity":42,"s:121:28:122:Infinity":43,"s:125:4:125:Infinity":44,"s:128:2:128:Infinity":45,"s:132:45:144:Infinity":46,"f:132:45:132:Infinity":6,"b:134:33:134:35":9,"s:136:14:136:Infinity":47,"s:137:27:137:Infinity":48,"s:140:30:140:Infinity":49,"s:143:2:143:Infinity":50,"b:143:9:143:56:143:56:143:Infinity":10}}}
}
